2019-12-16 16:47:01+00:00 coachproxy_watchdog can0 is DOWN. Attempting to restart...
2019-12-16 16:47:07+00:00 coachproxy_watchdog can0 interface is now up.
2019-12-16 16:47:07+00:00 coachproxy_watchdog rvc2mqtt.pl is down. Starting it...
2019-12-16 16:47:07+00:00 coachproxy_watchdog wifi_mqtt.pl is down. Starting it...
2020-01-03 23:22:33+00:00 coachproxy_watchdog can0 is DOWN. Attempting to restart...
2020-01-03 23:22:33+00:00 re-ip updating IP address in habridge.config with 192.168.20.26
2020-01-03 23:22:34+00:00 re-ip restarted habridge.service
2020-01-03 23:22:38+00:00 coachproxy_watchdog can0 interface is now up.
2020-01-03 23:22:38+00:00 coachproxy_watchdog rvc2mqtt.pl is down. Starting it...
2020-01-03 23:22:38+00:00 coachproxy_watchdog wifi_mqtt.pl is down. Starting it...
2020-01-03 23:24:07+00:00 rc.local.coachproxy -- BOOTED --
2020-01-03 23:25:11+00:00 coachproxy_watchdog can0 is DOWN. Attempting to restart...
2020-01-03 23:25:16+00:00 coachproxy_watchdog can0 interface is now up.
2020-01-03 23:25:16+00:00 coachproxy_watchdog rvc2mqtt.pl is down. Starting it...
2020-01-03 23:25:16+00:00 coachproxy_watchdog wifi_mqtt.pl is down. Starting it...
2020-01-03 23:26:19+00:00 rc.local.coachproxy -- BOOTED --
2020-01-04 04:55:53+00:00 cp_config.pl rebuilding node-red flows file for 2019 Allegro_Bus 45_OPP
2020-01-04 04:56:05+00:00 cp_config.pl installing new ha-bridge/device.db file
2020-01-04 04:56:05+00:00 cp_config.pl installing new flows_coachproxy.json file
2020-01-04 04:56:07+00:00 cp_config.pl restarting node-red
2020-01-04 05:25:01+00:00 coachproxy_watchdog can0 is DOWN. Attempting to restart...
2020-01-04 18:14:07+00:00 coachproxy_watchdog can0 interface is now up.
2020-01-04 18:14:08+00:00 coachproxy_watchdog rvc2mqtt.pl is down. Starting it...
2020-01-04 18:14:08+00:00 coachproxy_watchdog wifi_mqtt.pl is down. Starting it...
2020-01-04 18:15:49+00:00 rc.local.coachproxy -- BOOTED --
2020-01-04 18:31:12+00:00 coachproxy_watchdog can0 is DOWN. Attempting to restart...
2020-01-04 18:31:17+00:00 coachproxy_watchdog can0 interface is now up.
2020-01-04 18:31:17+00:00 coachproxy_watchdog rvc2mqtt.pl is down. Starting it...
2020-01-04 18:31:17+00:00 coachproxy_watchdog wifi_mqtt.pl is down. Starting it...
2020-01-04 18:32:25+00:00 rc.local.coachproxy -- BOOTED --
2020-01-04 19:52:12+00:00 coachproxy_watchdog can0 is DOWN. Attempting to restart...
2020-01-04 19:52:18+00:00 coachproxy_watchdog can0 interface is now up.
2020-01-04 19:52:18+00:00 coachproxy_watchdog rvc2mqtt.pl is down. Starting it...
2020-01-04 19:52:18+00:00 coachproxy_watchdog wifi_mqtt.pl is down. Starting it...
2020-01-04 19:53:59+00:00 rc.local.coachproxy -- BOOTED --
2020-01-04 20:09:11+00:00 coachproxy_watchdog can0 is DOWN. Attempting to restart...
2020-01-04 20:09:16+00:00 coachproxy_watchdog can0 interface is now up.
2020-01-04 20:09:17+00:00 coachproxy_watchdog rvc2mqtt.pl is down. Starting it...
2020-01-04 20:09:17+00:00 coachproxy_watchdog wifi_mqtt.pl is down. Starting it...
2020-01-04 20:10:43+00:00 rc.local.coachproxy -- BOOTED --
2020-01-04 15:21:10-05:00 coachproxy_watchdog can0 is DOWN. Attempting to restart...
2020-01-04 15:21:16-05:00 coachproxy_watchdog can0 interface is now up.
2020-01-04 15:21:16-05:00 coachproxy_watchdog rvc2mqtt.pl is down. Starting it...
2020-01-04 15:21:16-05:00 coachproxy_watchdog wifi_mqtt.pl is down. Starting it...
2020-01-04 15:22:52-05:00 rc.local.coachproxy -- BOOTED --
2020-01-04 18:16:50-05:00 coachproxy_watchdog can0 is DOWN. Attempting to restart...
2020-01-04 18:16:55-05:00 coachproxy_watchdog can0 interface is now up.
2020-01-04 18:16:55-05:00 coachproxy_watchdog rvc2mqtt.pl is down. Starting it...
2020-01-04 18:16:55-05:00 coachproxy_watchdog wifi_mqtt.pl is down. Starting it...
2020-01-04 18:18:18-05:00 rc.local.coachproxy -- BOOTED --
2020-01-04 18:20:12-05:00 coachproxy_watchdog can0 is DOWN. Attempting to restart...
2020-01-04 18:20:17-05:00 coachproxy_watchdog can0 interface is now up.
2020-01-04 18:20:17-05:00 coachproxy_watchdog rvc2mqtt.pl is down. Starting it...
2020-01-04 18:20:17-05:00 coachproxy_watchdog wifi_mqtt.pl is down. Starting it...
2020-01-04 18:21:52-05:00 rc.local.coachproxy -- BOOTED --
2020-01-05 12:32:45-05:00 cp_config.pl rebuilding node-red flows file for 2019 Allegro_Bus 45_OPP
2020-01-06 14:40:09-05:00 cp_config.pl rebuilding node-red flows file for 2017 Allegro_Bus 45_OP
2020-01-06 14:40:25-05:00 cp_config.pl installing new ha-bridge/device.db file
2020-01-06 14:40:26-05:00 cp_config.pl installing new flows_coachproxy.json file
2020-01-06 14:40:28-05:00 cp_config.pl restarting node-red
2020-01-06 14:50:10-05:00 coachproxy_watchdog can0 is DOWN. Attempting to restart...
2020-01-06 14:50:16-05:00 coachproxy_watchdog can0 interface is now up.
2020-01-06 14:50:16-05:00 coachproxy_watchdog rvc2mqtt.pl is down. Starting it...
2020-01-06 14:50:16-05:00 coachproxy_watchdog wifi_mqtt.pl is down. Starting it...
2020-01-06 14:51:47-05:00 rc.local.coachproxy -- BOOTED --
2020-01-07 20:49:38-05:00 coachproxy_watchdog can0 is DOWN. Attempting to restart...
2020-01-07 20:49:43-05:00 coachproxy_watchdog can0 interface is now up.
2020-01-07 20:49:43-05:00 coachproxy_watchdog rvc2mqtt.pl is down. Starting it...
2020-01-07 20:49:43-05:00 coachproxy_watchdog wifi_mqtt.pl is down. Starting it...
2020-01-07 20:50:40-05:00 rc.local.coachproxy -- BOOTED --
2020-01-08 14:15:03-05:00 cp_config.pl rebuilding node-red flows file for 2017 Allegro_Bus 45_OP
2020-01-08 14:15:16-05:00 cp_config.pl installing new ha-bridge/device.db file
2020-01-08 14:15:16-05:00 cp_config.pl installing new flows_coachproxy.json file
2020-01-08 14:15:18-05:00 cp_config.pl restarting node-red
2020-01-08 15:16:01-05:00 coachproxy_watchdog can0 is DOWN. Attempting to restart...
2020-01-08 15:16:06-05:00 coachproxy_watchdog can0 interface is now up.
2020-01-08 15:16:07-05:00 coachproxy_watchdog rvc2mqtt.pl is down. Starting it...
2020-01-08 15:16:07-05:00 coachproxy_watchdog wifi_mqtt.pl is down. Starting it...
2020-01-08 15:17:43-05:00 rc.local.coachproxy -- BOOTED --
2020-01-08 15:29:01-05:00 coachproxy_watchdog can0 is DOWN. Attempting to restart...
2020-01-08 15:29:06-05:00 coachproxy_watchdog can0 interface is now up.
2020-01-08 15:29:06-05:00 coachproxy_watchdog rvc2mqtt.pl is down. Starting it...
2020-01-08 15:29:07-05:00 coachproxy_watchdog wifi_mqtt.pl is down. Starting it...
2020-01-08 15:30:02-05:00 rc.local.coachproxy -- BOOTED --
2020-01-09 11:55:09-05:00 coachproxy_watchdog can0 is DOWN. Attempting to restart...
2020-01-09 11:55:09-05:00 coachproxy_watchdog can0 is DOWN. Attempting to restart...
2020-01-09 11:55:10-05:00 coachproxy_watchdog can0 is DOWN. Attempting to restart...
2020-01-09 11:55:10-05:00 coachproxy_watchdog can0 is DOWN. Attempting to restart...
2020-01-09 11:55:10-05:00 coachproxy_watchdog can0 is DOWN. Attempting to restart...
2020-01-09 11:55:15-05:00 coachproxy_watchdog can0 interface is now up.
2020-01-09 11:55:15-05:00 coachproxy_watchdog can0 interface is now up.
2020-01-09 11:55:15-05:00 coachproxy_watchdog can0 interface is now up.
2020-01-09 11:55:15-05:00 coachproxy_watchdog can0 interface is now up.
2020-01-09 11:55:15-05:00 coachproxy_watchdog can0 interface is now up.
2020-01-09 11:55:15-05:00 coachproxy_watchdog rvc2mqtt.pl is down. Starting it...
2020-01-09 11:55:15-05:00 coachproxy_watchdog rvc2mqtt.pl is down. Starting it...
2020-01-09 11:55:15-05:00 coachproxy_watchdog rvc2mqtt.pl is down. Starting it...
2020-01-09 11:55:15-05:00 coachproxy_watchdog rvc2mqtt.pl is down. Starting it...
2020-01-09 11:55:15-05:00 coachproxy_watchdog rvc2mqtt.pl is down. Starting it...
2020-01-09 11:55:15-05:00 coachproxy_watchdog wifi_mqtt.pl is down. Starting it...
2020-01-09 11:55:15-05:00 coachproxy_watchdog wifi_mqtt.pl is down. Starting it...
2020-01-09 11:55:16-05:00 coachproxy_watchdog wifi_mqtt.pl is down. Starting it...
2020-01-09 11:55:16-05:00 coachproxy_watchdog wifi_mqtt.pl is down. Starting it...
2020-01-09 11:55:16-05:00 coachproxy_watchdog wifi_mqtt.pl is down. Starting it...
2020-01-09 11:56:28-05:00 rc.local.coachproxy -- BOOTED --
2020-01-10 18:24:10-05:00 coachproxy_watchdog can0 is DOWN. Attempting to restart...
2020-01-10 18:24:16-05:00 coachproxy_watchdog can0 interface is now up.
2020-01-10 18:24:16-05:00 coachproxy_watchdog rvc2mqtt.pl is down. Starting it...
2020-01-10 18:24:16-05:00 coachproxy_watchdog wifi_mqtt.pl is down. Starting it...
2020-01-10 18:25:13-05:00 rc.local.coachproxy -- BOOTED --
2020-01-19 22:40:27-05:00 coachproxy_watchdog can0 is DOWN. Attempting to restart...
2020-01-19 22:40:32-05:00 coachproxy_watchdog can0 interface is now up.
2020-01-19 22:40:32-05:00 coachproxy_watchdog rvc2mqtt.pl is down. Starting it...
2020-01-19 22:40:32-05:00 coachproxy_watchdog wifi_mqtt.pl is down. Starting it...
2020-01-19 22:41:40-05:00 rc.local.coachproxy -- BOOTED --
2020-01-26 14:36:14-05:00 coachproxy_watchdog can0 is DOWN. Attempting to restart...
2020-01-26 14:36:19-05:00 coachproxy_watchdog can0 interface is now up.
2020-01-26 14:36:19-05:00 coachproxy_watchdog rvc2mqtt.pl is down. Starting it...
2020-01-26 14:36:20-05:00 coachproxy_watchdog wifi_mqtt.pl is down. Starting it...
2020-01-26 14:37:16-05:00 rc.local.coachproxy -- BOOTED --
2020-02-20 14:29:10-05:00 coachproxy_watchdog can0 is DOWN. Attempting to restart...
2020-02-20 14:29:16-05:00 coachproxy_watchdog can0 interface is now up.
2020-02-20 14:29:16-05:00 coachproxy_watchdog rvc2mqtt.pl is down. Starting it...
2020-02-20 14:29:16-05:00 coachproxy_watchdog wifi_mqtt.pl is down. Starting it...
2020-02-20 14:30:38-05:00 rc.local.coachproxy -- BOOTED --
2020-02-26 17:50:28-05:00 coachproxy_watchdog can0 is DOWN. Attempting to restart...
2020-02-26 17:50:33-05:00 coachproxy_watchdog can0 interface is now up.
2020-02-26 17:50:33-05:00 coachproxy_watchdog rvc2mqtt.pl is down. Starting it...
2020-02-26 17:50:34-05:00 coachproxy_watchdog wifi_mqtt.pl is down. Starting it...
2020-02-26 17:51:29-05:00 rc.local.coachproxy -- BOOTED --
2020-02-26 17:52:10-05:00 coachproxy_watchdog can0 is DOWN. Attempting to restart...
2020-02-26 17:52:15-05:00 coachproxy_watchdog can0 interface is now up.
2020-02-26 17:52:15-05:00 coachproxy_watchdog rvc2mqtt.pl is down. Starting it...
2020-02-26 17:52:15-05:00 coachproxy_watchdog wifi_mqtt.pl is down. Starting it...
2020-02-26 17:53:48-05:00 rc.local.coachproxy -- BOOTED --
2020-02-26 18:27:01-05:00 coachproxy_watchdog can0 is DOWN. Attempting to restart...
2020-02-26 18:27:15-05:00 coachproxy_watchdog can0 interface is now up.
2020-02-26 18:27:15-05:00 coachproxy_watchdog rvc2mqtt.pl is down. Starting it...
2020-02-26 18:27:16-05:00 coachproxy_watchdog wifi_mqtt.pl is down. Starting it...
2020-02-26 18:29:00-05:00 rc.local.coachproxy -- BOOTED --
2020-02-26 18:35:12-05:00 coachproxy_watchdog can0 is DOWN. Attempting to restart...
2020-02-26 18:35:17-05:00 coachproxy_watchdog can0 interface is now up.
2020-02-26 18:35:17-05:00 coachproxy_watchdog rvc2mqtt.pl is down. Starting it...
2020-02-26 18:35:18-05:00 coachproxy_watchdog wifi_mqtt.pl is down. Starting it...
2020-02-26 18:36:45-05:00 rc.local.coachproxy -- BOOTED --
2020-02-26 19:09:11-05:00 coachproxy_watchdog can0 is DOWN. Attempting to restart...
2020-02-26 19:09:16-05:00 coachproxy_watchdog can0 interface is now up.
2020-02-26 19:09:17-05:00 coachproxy_watchdog rvc2mqtt.pl is down. Starting it...
2020-02-26 19:09:17-05:00 coachproxy_watchdog wifi_mqtt.pl is down. Starting it...
2020-02-26 19:10:14-05:00 rc.local.coachproxy -- BOOTED --
2020-02-26 19:29:01-05:00 coachproxy_watchdog can0 is DOWN. Attempting to restart...
2020-02-26 19:29:06-05:00 coachproxy_watchdog can0 interface is now up.
2020-02-26 19:29:07-05:00 coachproxy_watchdog rvc2mqtt.pl is down. Starting it...
2020-02-26 19:29:07-05:00 coachproxy_watchdog wifi_mqtt.pl is down. Starting it...
2020-02-26 19:30:55-05:00 rc.local.coachproxy -- BOOTED --
2020-02-28 19:18:01-05:00 coachproxy_watchdog can0 is DOWN. Attempting to restart...
2020-02-28 19:18:02-05:00 re-ip updating IP address in habridge.config with 192.168.20.22
2020-02-28 19:18:07-05:00 coachproxy_watchdog can0 interface is now up.
2020-02-28 19:18:07-05:00 coachproxy_watchdog rvc2mqtt.pl is down. Starting it...
2020-02-28 19:18:07-05:00 coachproxy_watchdog wifi_mqtt.pl is down. Starting it...
2020-02-28 19:18:08-05:00 re-ip restarted habridge.service
2020-03-13 13:53:49-04:00 re-ip updating IP address in habridge.config with 192.168.20.22
2020-03-13 13:53:50-04:00 rc.local.coachproxy -- BOOTED --
2020-03-13 13:53:52-04:00 re-ip restarted habridge.service
2020-03-13 13:55:01-04:00 coachproxy_watchdog can0 is DOWN. Attempting to restart...
2020-03-13 13:55:07-04:00 coachproxy_watchdog can0 interface is now up.
2020-03-13 13:55:07-04:00 coachproxy_watchdog rvc2mqtt.pl is down. Starting it...
2020-03-13 13:55:07-04:00 coachproxy_watchdog wifi_mqtt.pl is down. Starting it...
2020-03-13 13:56:06-04:00 rc.local.coachproxy -- BOOTED --
2020-03-13 14:33:01-04:00 coachproxy_watchdog can0 is DOWN. Attempting to restart...
2020-03-13 14:33:01-04:00 re-ip updating IP address in habridge.config with 192.168.20.22
2020-03-13 14:33:06-04:00 coachproxy_watchdog can0 interface is now up.
2020-03-13 14:33:07-04:00 coachproxy_watchdog rvc2mqtt.pl is down. Starting it...
2020-03-13 14:33:07-04:00 coachproxy_watchdog wifi_mqtt.pl is down. Starting it...
2020-03-13 14:33:07-04:00 re-ip restarted habridge.service
2020-03-13 14:34:11-04:00 re-ip updating IP address in habridge.config with 192.168.20.22
2020-03-13 14:34:17-04:00 re-ip restarted habridge.service
2020-03-13 14:34:33-04:00 rc.local.coachproxy -- BOOTED --
2020-03-13 14:35:01-04:00 re-ip updating IP address in habridge.config with 192.168.20.22
2020-03-13 14:35:07-04:00 re-ip restarted habridge.service
2020-03-13 14:36:01-04:00 re-ip updating IP address in habridge.config with 192.168.20.22
2020-03-13 14:36:14-04:00 re-ip restarted habridge.service
2020-03-13 14:37:07-04:00 re-ip updating IP address in habridge.config with 192.168.20.22
2020-03-13 14:37:18-04:00 re-ip restarted habridge.service
2020-03-13 14:38:01-04:00 re-ip updating IP address in habridge.config with 192.168.20.22
2020-03-13 14:38:10-04:00 re-ip restarted habridge.service
2020-03-14 13:11:01-04:00 coachproxy_watchdog can0 is DOWN. Attempting to restart...
2020-03-14 13:11:07-04:00 coachproxy_watchdog can0 interface is now up.
2020-03-14 13:11:07-04:00 coachproxy_watchdog rvc2mqtt.pl is down. Starting it...
2020-03-14 13:11:07-04:00 coachproxy_watchdog wifi_mqtt.pl is down. Starting it...
2020-03-14 13:12:21-04:00 rc.local.coachproxy -- BOOTED --
2020-03-15 07:18:01-04:00 coachproxy_watchdog can0 is DOWN. Attempting to restart...
2020-03-15 07:18:06-04:00 coachproxy_watchdog can0 interface is now up.
2020-03-15 07:18:06-04:00 coachproxy_watchdog rvc2mqtt.pl is down. Starting it...
2020-03-15 07:18:06-04:00 coachproxy_watchdog wifi_mqtt.pl is down. Starting it...
2020-03-15 07:51:51-04:00 rc.local.coachproxy -- BOOTED --
2020-03-26 00:18:01-04:00 coachproxy_watchdog can0 is DOWN. Attempting to restart...
2020-03-26 00:18:06-04:00 coachproxy_watchdog can0 interface is now up.
2020-03-26 00:18:06-04:00 coachproxy_watchdog rvc2mqtt.pl is down. Starting it...
2020-03-26 00:18:06-04:00 coachproxy_watchdog wifi_mqtt.pl is down. Starting it...
2020-03-26 00:19:52-04:00 rc.local.coachproxy -- BOOTED --
2020-04-08 12:32:01-04:00 coachproxy_watchdog can0 is DOWN. Attempting to restart...
2020-04-08 12:32:06-04:00 coachproxy_watchdog can0 interface is now up.
2020-04-08 12:32:07-04:00 coachproxy_watchdog rvc2mqtt.pl is down. Starting it...
2020-04-08 12:32:07-04:00 coachproxy_watchdog wifi_mqtt.pl is down. Starting it...
2020-04-08 12:33:29-04:00 rc.local.coachproxy -- BOOTED --
2020-04-08 12:36:02-04:00 coachproxy_watchdog can0 is DOWN. Attempting to restart...
2020-04-08 12:36:07-04:00 coachproxy_watchdog can0 interface is now up.
2020-04-08 12:36:07-04:00 coachproxy_watchdog rvc2mqtt.pl is down. Starting it...
2020-04-08 12:36:07-04:00 coachproxy_watchdog wifi_mqtt.pl is down. Starting it...
2020-04-08 12:37:33-04:00 rc.local.coachproxy -- BOOTED --
2020-04-08 13:18:01-04:00 coachproxy_watchdog can0 is DOWN. Attempting to restart...
2020-04-08 13:18:06-04:00 coachproxy_watchdog can0 interface is now up.
2020-04-08 13:18:06-04:00 coachproxy_watchdog rvc2mqtt.pl is down. Starting it...
2020-04-08 13:18:07-04:00 coachproxy_watchdog wifi_mqtt.pl is down. Starting it...
2020-04-08 13:25:02-04:00 rc.local.coachproxy -- BOOTED --
2020-04-08 15:36:01-04:00 coachproxy_watchdog can0 is DOWN. Attempting to restart...
2020-04-08 15:36:06-04:00 coachproxy_watchdog can0 interface is now up.
2020-04-08 15:36:06-04:00 coachproxy_watchdog rvc2mqtt.pl is down. Starting it...
2020-04-08 15:36:07-04:00 coachproxy_watchdog wifi_mqtt.pl is down. Starting it...
2020-04-08 15:37:12-04:00 rc.local.coachproxy -- BOOTED --
2020-04-22 15:51:24-04:00 safe_reboot rebooting...
2020-04-22 15:52:01-04:00 coachproxy_watchdog can0 is DOWN. Attempting to restart...
2020-04-22 15:52:06-04:00 coachproxy_watchdog can0 interface is now up.
2020-04-22 15:52:07-04:00 coachproxy_watchdog rvc2mqtt.pl is down. Starting it...
2020-04-22 15:52:07-04:00 coachproxy_watchdog wifi_mqtt.pl is down. Starting it...
2020-04-22 15:53:48-04:00 rc.local.coachproxy -- BOOTED --
2020-04-22 15:52:01-04:00 coachproxy_watchdog can0 is DOWN. Attempting to restart...
2020-04-22 15:52:01-04:00 re-ip updating IP address in habridge.config with 192.168.20.31
2020-04-22 15:52:06-04:00 coachproxy_watchdog can0 interface is now up.
2020-04-22 15:52:06-04:00 coachproxy_watchdog rvc2mqtt.pl is down. Starting it...
2020-04-22 15:52:06-04:00 coachproxy_watchdog wifi_mqtt.pl is down. Starting it...
2020-04-22 15:52:07-04:00 re-ip restarted habridge.service
2020-04-23 15:15:57-04:00 re-ip updating IP address in habridge.config with 192.168.20.31
2020-04-23 15:16:01-04:00 re-ip updating IP address in habridge.config with 192.168.20.31
2020-04-23 15:16:03-04:00 re-ip restarted habridge.service
2020-04-23 15:16:03-04:00 re-ip restarted habridge.service
2020-04-23 15:16:35-04:00 rc.local.coachproxy -- BOOTED --
2020-04-23 15:17:01-04:00 coachproxy_watchdog can0 is DOWN. Attempting to restart...
2020-04-23 15:17:06-04:00 coachproxy_watchdog can0 interface is now up.
2020-04-23 15:17:07-04:00 coachproxy_watchdog rvc2mqtt.pl is down. Starting it...
2020-04-23 15:17:07-04:00 coachproxy_watchdog wifi_mqtt.pl is down. Starting it...
2020-04-23 15:18:56-04:00 rc.local.coachproxy -- BOOTED --
2020-04-23 15:23:19-04:00 safe_reboot rebooting...
2020-04-23 15:24:01-04:00 coachproxy_watchdog can0 is DOWN. Attempting to restart...
2020-04-23 15:24:06-04:00 coachproxy_watchdog can0 interface is now up.
2020-04-23 15:24:06-04:00 coachproxy_watchdog rvc2mqtt.pl is down. Starting it...
2020-04-23 15:24:07-04:00 coachproxy_watchdog wifi_mqtt.pl is down. Starting it...
2020-04-23 15:25:37-04:00 rc.local.coachproxy -- BOOTED --
2020-04-23 15:32:01-04:00 coachproxy_watchdog can0 is DOWN. Attempting to restart...
2020-04-23 15:32:06-04:00 coachproxy_watchdog can0 interface is now up.
2020-04-23 15:32:06-04:00 coachproxy_watchdog rvc2mqtt.pl is down. Starting it...
2020-04-23 15:32:07-04:00 coachproxy_watchdog wifi_mqtt.pl is down. Starting it...
2020-04-23 15:33:39-04:00 rc.local.coachproxy -- BOOTED --
2020-04-23 16:09:01-04:00 coachproxy_watchdog can0 is DOWN. Attempting to restart...
2020-04-23 16:09:06-04:00 coachproxy_watchdog can0 interface is now up.
2020-04-23 16:09:06-04:00 coachproxy_watchdog rvc2mqtt.pl is down. Starting it...
2020-04-23 16:09:06-04:00 coachproxy_watchdog wifi_mqtt.pl is down. Starting it...
2020-04-23 16:10:15-04:00 rc.local.coachproxy -- BOOTED --
2020-04-23 16:13:01-04:00 coachproxy_watchdog can0 is DOWN. Attempting to restart...
2020-04-23 16:13:06-04:00 coachproxy_watchdog can0 interface is now up.
2020-04-23 16:13:07-04:00 coachproxy_watchdog rvc2mqtt.pl is down. Starting it...
2020-04-23 16:13:07-04:00 coachproxy_watchdog wifi_mqtt.pl is down. Starting it...
2020-04-23 16:15:03-04:00 rc.local.coachproxy -- BOOTED --
2020-04-23 16:26:01-04:00 coachproxy_watchdog can0 is DOWN. Attempting to restart...
2020-04-23 16:26:06-04:00 coachproxy_watchdog can0 interface is now up.
2020-04-23 16:26:07-04:00 coachproxy_watchdog rvc2mqtt.pl is down. Starting it...
2020-04-23 16:26:07-04:00 coachproxy_watchdog wifi_mqtt.pl is down. Starting it...
2020-04-23 16:28:01-04:00 coachproxy_watchdog can0 is DOWN. Attempting to restart...
2020-04-23 16:28:06-04:00 coachproxy_watchdog can0 interface is now up.
2020-04-23 16:28:06-04:00 coachproxy_watchdog rvc2mqtt.pl is down. Starting it...
2020-04-23 16:28:06-04:00 coachproxy_watchdog wifi_mqtt.pl is down. Starting it...
2020-04-23 16:29:34-04:00 rc.local.coachproxy -- BOOTED --
2020-04-23 16:34:02-04:00 coachproxy_watchdog can0 is DOWN. Attempting to restart...
2020-04-23 16:34:07-04:00 coachproxy_watchdog can0 interface is now up.
2020-04-23 16:34:08-04:00 coachproxy_watchdog rvc2mqtt.pl is down. Starting it...
2020-04-23 16:34:08-04:00 coachproxy_watchdog wifi_mqtt.pl is down. Starting it...
2020-04-23 16:36:04-04:00 rc.local.coachproxy -- BOOTED --
2020-04-23 16:46:01-04:00 coachproxy_watchdog can0 is DOWN. Attempting to restart...
2020-04-23 16:46:07-04:00 coachproxy_watchdog can0 interface is now up.
2020-04-23 16:46:07-04:00 coachproxy_watchdog rvc2mqtt.pl is down. Starting it...
2020-04-23 16:46:07-04:00 coachproxy_watchdog wifi_mqtt.pl is down. Starting it...
2020-04-23 16:47:59-04:00 rc.local.coachproxy -- BOOTED --
2020-04-23 18:56:01-04:00 coachproxy_watchdog can0 is DOWN. Attempting to restart...
2020-04-23 18:56:06-04:00 coachproxy_watchdog can0 interface is now up.
2020-04-23 18:56:06-04:00 coachproxy_watchdog rvc2mqtt.pl is down. Starting it...
2020-04-23 18:56:07-04:00 coachproxy_watchdog wifi_mqtt.pl is down. Starting it...
2020-04-24 12:37:36-04:00 rc.local.coachproxy -- BOOTED --
2020-04-24 13:37:01-04:00 coachproxy_watchdog can0 is DOWN. Attempting to restart...
2020-04-24 13:37:06-04:00 coachproxy_watchdog can0 interface is now up.
2020-04-24 13:37:07-04:00 coachproxy_watchdog rvc2mqtt.pl is down. Starting it...
2020-04-24 13:37:07-04:00 coachproxy_watchdog wifi_mqtt.pl is down. Starting it...
2020-04-24 13:39:04-04:00 rc.local.coachproxy -- BOOTED --
2020-04-24 16:56:27-04:00 safe_shutdown shutting down.
2020-04-24 16:57:02-04:00 coachproxy_watchdog can0 is DOWN. Attempting to restart...
2020-04-24 16:57:07-04:00 coachproxy_watchdog can0 interface is now up.
2020-04-24 16:57:07-04:00 coachproxy_watchdog rvc2mqtt.pl is down. Starting it...
2020-04-24 16:57:07-04:00 coachproxy_watchdog wifi_mqtt.pl is down. Starting it...
2020-04-24 17:40:30-04:00 rc.local.coachproxy -- BOOTED --
2020-04-25 09:59:13-04:00 safe_shutdown shutting down.
2020-04-25 10:00:01-04:00 coachproxy_watchdog can0 is DOWN. Attempting to restart...
2020-04-25 10:00:07-04:00 coachproxy_watchdog can0 interface is now up.
2020-04-25 10:00:07-04:00 coachproxy_watchdog rvc2mqtt.pl is down. Starting it...
2020-04-25 10:00:07-04:00 coachproxy_watchdog wifi_mqtt.pl is down. Starting it...
2020-04-26 12:17:46-04:00 rc.local.coachproxy -- BOOTED --
2020-04-26 13:18:02-04:00 coachproxy_watchdog can0 is DOWN. Attempting to restart...
2020-04-26 13:18:07-04:00 coachproxy_watchdog can0 interface is now up.
2020-04-26 13:18:07-04:00 coachproxy_watchdog rvc2mqtt.pl is down. Starting it...
2020-04-26 13:18:07-04:00 coachproxy_watchdog wifi_mqtt.pl is down. Starting it...
2020-11-06 15:16:38-05:00 rc.local.coachproxy -- BOOTED --
2020-11-06 15:17:01-05:00 coachproxy_watchdog can0 is DOWN. Attempting to restart...
2020-11-06 15:17:01-05:00 re-ip updating IP address in habridge.config with 192.168.8.208
2020-11-06 15:17:03-05:00 re-ip restarted habridge.service
2020-11-06 15:17:07-05:00 coachproxy_watchdog can0 interface is now up.
2020-11-06 15:17:07-05:00 coachproxy_watchdog rvc2mqtt.pl is down. Starting it...
2020-11-06 15:17:07-05:00 coachproxy_watchdog wifi_mqtt.pl is down. Starting it...
2020-11-06 15:19:16-05:00 rc.local.coachproxy -- BOOTED --
2020-11-06 15:34:01-05:00 coachproxy_watchdog can0 is DOWN. Attempting to restart...
2020-11-06 15:34:06-05:00 coachproxy_watchdog can0 interface is now up.
2020-11-06 15:34:07-05:00 coachproxy_watchdog rvc2mqtt.pl is down. Starting it...
2020-11-06 15:34:07-05:00 coachproxy_watchdog wifi_mqtt.pl is down. Starting it...
2020-11-06 15:35:34-05:00 rc.local.coachproxy -- BOOTED --
2020-11-06 16:37:01-05:00 coachproxy_watchdog can0 is DOWN. Attempting to restart...
2020-11-06 16:37:07-05:00 coachproxy_watchdog can0 interface is now up.
2020-11-06 16:37:07-05:00 coachproxy_watchdog rvc2mqtt.pl is down. Starting it...
2020-11-06 16:37:07-05:00 coachproxy_watchdog wifi_mqtt.pl is down. Starting it...
2020-11-06 16:39:02-05:00 rc.local.coachproxy -- BOOTED --
2020-11-06 16:42:01-05:00 coachproxy_watchdog can0 is DOWN. Attempting to restart...
2020-11-06 16:42:06-05:00 coachproxy_watchdog can0 interface is now up.
2020-11-06 16:42:06-05:00 coachproxy_watchdog rvc2mqtt.pl is down. Starting it...
2020-11-06 16:42:06-05:00 coachproxy_watchdog wifi_mqtt.pl is down. Starting it...
2020-11-06 16:43:39-05:00 rc.local.coachproxy -- BOOTED --
2020-11-06 16:48:01-05:00 coachproxy_watchdog can0 is DOWN. Attempting to restart...
2020-11-06 16:48:06-05:00 coachproxy_watchdog can0 interface is now up.
2020-11-06 16:48:06-05:00 coachproxy_watchdog rvc2mqtt.pl is down. Starting it...
2020-11-06 16:48:06-05:00 coachproxy_watchdog wifi_mqtt.pl is down. Starting it...
2020-11-06 16:49:35-05:00 rc.local.coachproxy -- BOOTED --
2020-11-06 16:52:01-05:00 coachproxy_watchdog can0 is DOWN. Attempting to restart...
2020-11-06 16:52:06-05:00 coachproxy_watchdog can0 interface is now up.
2020-11-06 16:52:07-05:00 coachproxy_watchdog rvc2mqtt.pl is down. Starting it...
2020-11-06 16:52:07-05:00 coachproxy_watchdog wifi_mqtt.pl is down. Starting it...
2020-11-06 16:53:19-05:00 rc.local.coachproxy -- BOOTED --
2020-11-06 17:18:01-05:00 coachproxy_watchdog can0 is DOWN. Attempting to restart...
2020-11-06 17:18:06-05:00 coachproxy_watchdog can0 interface is now up.
2020-11-06 17:18:06-05:00 coachproxy_watchdog rvc2mqtt.pl is down. Starting it...
2020-11-06 17:18:06-05:00 coachproxy_watchdog wifi_mqtt.pl is down. Starting it...
2020-11-06 17:24:47-05:00 rc.local.coachproxy -- BOOTED --
2020-11-06 17:50:01-05:00 coachproxy_watchdog can0 is DOWN. Attempting to restart...
2020-11-06 17:50:07-05:00 coachproxy_watchdog can0 interface is now up.
2020-11-06 17:50:07-05:00 coachproxy_watchdog rvc2mqtt.pl is down. Starting it...
2020-11-06 17:50:07-05:00 coachproxy_watchdog wifi_mqtt.pl is down. Starting it...
2020-11-06 17:51:44-05:00 rc.local.coachproxy -- BOOTED --
2020-11-06 18:21:16-05:00 safe_shutdown shutting down.
2020-11-06 18:22:01-05:00 coachproxy_watchdog can0 is DOWN. Attempting to restart...
2020-11-06 18:22:06-05:00 coachproxy_watchdog can0 interface is now up.
2020-11-06 18:22:06-05:00 coachproxy_watchdog rvc2mqtt.pl is down. Starting it...
2020-11-06 18:22:06-05:00 coachproxy_watchdog wifi_mqtt.pl is down. Starting it...
2020-11-07 11:00:01-05:00 rc.local.coachproxy -- BOOTED --
2020-11-07 11:18:01-05:00 coachproxy_watchdog can0 is DOWN. Attempting to restart...
2020-11-07 11:18:07-05:00 coachproxy_watchdog can0 interface is now up.
2020-11-07 11:18:07-05:00 coachproxy_watchdog rvc2mqtt.pl is down. Starting it...
2020-11-07 11:18:07-05:00 coachproxy_watchdog wifi_mqtt.pl is down. Starting it...
2020-11-07 16:33:52-05:00 rc.local.coachproxy -- BOOTED --
2020-11-07 16:35:01-05:00 coachproxy_watchdog can0 is DOWN. Attempting to restart...
2020-11-07 16:35:06-05:00 coachproxy_watchdog can0 interface is now up.
2020-11-07 16:35:06-05:00 coachproxy_watchdog rvc2mqtt.pl is down. Starting it...
2020-11-07 16:35:06-05:00 coachproxy_watchdog wifi_mqtt.pl is down. Starting it...
2020-11-07 16:36:12-05:00 rc.local.coachproxy -- BOOTED --
2020-11-07 16:59:02-05:00 coachproxy_watchdog can0 is DOWN. Attempting to restart...
2020-11-07 16:59:07-05:00 coachproxy_watchdog can0 interface is now up.
2020-11-07 16:59:07-05:00 coachproxy_watchdog rvc2mqtt.pl is down. Starting it...
2020-11-07 16:59:07-05:00 coachproxy_watchdog wifi_mqtt.pl is down. Starting it...
2020-11-07 17:00:54-05:00 rc.local.coachproxy -- BOOTED --
2020-11-07 17:18:01-05:00 coachproxy_watchdog can0 is DOWN. Attempting to restart...
2020-11-07 17:18:06-05:00 coachproxy_watchdog can0 interface is now up.
2020-11-07 17:18:06-05:00 coachproxy_watchdog rvc2mqtt.pl is down. Starting it...
2020-11-07 17:18:06-05:00 coachproxy_watchdog wifi_mqtt.pl is down. Starting it...
2020-11-07 17:26:34-05:00 rc.local.coachproxy -- BOOTED --
2020-11-07 17:18:01-05:00 coachproxy_watchdog can0 is DOWN. Attempting to restart...
2020-11-07 17:18:06-05:00 coachproxy_watchdog can0 interface is now up.
2020-11-07 17:18:06-05:00 coachproxy_watchdog rvc2mqtt.pl is down. Starting it...
2020-11-07 17:18:07-05:00 coachproxy_watchdog wifi_mqtt.pl is down. Starting it...
2020-11-07 17:40:04-05:00 rc.local.coachproxy -- BOOTED --
2020-11-07 17:44:15-05:00 safe_shutdown shutting down.
2020-11-07 17:45:01-05:00 coachproxy_watchdog can0 is DOWN. Attempting to restart...
2020-11-07 17:45:06-05:00 coachproxy_watchdog can0 interface is now up.
2020-11-07 17:45:06-05:00 coachproxy_watchdog rvc2mqtt.pl is down. Starting it...
2020-11-07 17:45:06-05:00 coachproxy_watchdog wifi_mqtt.pl is down. Starting it...
2020-11-10 16:10:40-05:00 rc.local.coachproxy -- BOOTED --
2020-11-10 20:37:02-05:00 coachproxy_watchdog can0 is DOWN. Attempting to restart...
2020-11-10 20:37:07-05:00 coachproxy_watchdog can0 interface is now up.
2020-11-10 20:37:07-05:00 coachproxy_watchdog rvc2mqtt.pl is down. Starting it...
2020-11-10 20:37:07-05:00 coachproxy_watchdog wifi_mqtt.pl is down. Starting it...
2020-11-10 20:38:56-05:00 rc.local.coachproxy -- BOOTED --
2020-11-10 20:40:01-05:00 coachproxy_watchdog can0 is DOWN. Attempting to restart...
2020-11-10 20:40:06-05:00 coachproxy_watchdog can0 interface is now up.
2020-11-10 20:40:06-05:00 coachproxy_watchdog rvc2mqtt.pl is down. Starting it...
2020-11-10 20:40:07-05:00 coachproxy_watchdog wifi_mqtt.pl is down. Starting it...
2020-11-11 15:19:13-05:00 rc.local.coachproxy -- BOOTED --
2020-11-12 16:18:01-05:00 coachproxy_watchdog can0 is DOWN. Attempting to restart...
2020-11-12 16:18:06-05:00 coachproxy_watchdog can0 interface is now up.
2020-11-12 16:18:06-05:00 coachproxy_watchdog rvc2mqtt.pl is down. Starting it...
2020-11-12 16:18:06-05:00 coachproxy_watchdog wifi_mqtt.pl is down. Starting it...
2020-11-12 18:04:00-05:00 rc.local.coachproxy -- BOOTED --
2020-11-12 18:05:01-05:00 coachproxy_watchdog can0 is DOWN. Attempting to restart...
2020-11-12 18:05:06-05:00 coachproxy_watchdog can0 interface is now up.
2020-11-12 18:05:06-05:00 coachproxy_watchdog rvc2mqtt.pl is down. Starting it...
2020-11-12 18:05:06-05:00 coachproxy_watchdog wifi_mqtt.pl is down. Starting it...
2020-11-12 18:06:29-05:00 rc.local.coachproxy -- BOOTED --
2020-11-13 18:18:01-05:00 coachproxy_watchdog can0 is DOWN. Attempting to restart...
2020-11-13 18:18:06-05:00 coachproxy_watchdog can0 interface is now up.
2020-11-13 18:18:06-05:00 coachproxy_watchdog rvc2mqtt.pl is down. Starting it...
2020-11-13 18:18:06-05:00 coachproxy_watchdog wifi_mqtt.pl is down. Starting it...
2020-11-13 19:02:03-05:00 rc.local.coachproxy -- BOOTED --
2020-11-13 19:14:01-05:00 coachproxy_watchdog can0 is DOWN. Attempting to restart...
2020-11-13 19:14:07-05:00 coachproxy_watchdog can0 interface is now up.
2020-11-13 19:14:07-05:00 coachproxy_watchdog rvc2mqtt.pl is down. Starting it...
2020-11-13 19:14:07-05:00 coachproxy_watchdog wifi_mqtt.pl is down. Starting it...
2020-11-13 19:15:40-05:00 rc.local.coachproxy -- BOOTED --
2020-11-13 21:20:41-05:00 safe_reboot rebooting...
2020-11-13 21:21:01-05:00 coachproxy_watchdog can0 is DOWN. Attempting to restart...
2020-11-13 21:21:07-05:00 coachproxy_watchdog can0 interface is now up.
2020-11-13 21:21:07-05:00 coachproxy_watchdog rvc2mqtt.pl is down. Starting it...
2020-11-13 21:21:07-05:00 coachproxy_watchdog wifi_mqtt.pl is down. Starting it...
2020-11-13 21:23:03-05:00 rc.local.coachproxy -- BOOTED --
2020-11-13 21:23:35-05:00 safe_shutdown shutting down.
2020-11-13 21:24:01-05:00 coachproxy_watchdog can0 is DOWN. Attempting to restart...
2020-11-13 21:24:06-05:00 coachproxy_watchdog can0 interface is now up.
2020-11-13 21:24:06-05:00 coachproxy_watchdog rvc2mqtt.pl is down. Starting it...
2020-11-13 21:24:06-05:00 coachproxy_watchdog wifi_mqtt.pl is down. Starting it...
2020-11-14 12:11:38-05:00 rc.local.coachproxy -- BOOTED --
2020-11-14 13:47:21-05:00 safe_shutdown shutting down.
2020-11-14 13:48:02-05:00 coachproxy_watchdog can0 is DOWN. Attempting to restart...
2020-11-14 13:48:07-05:00 coachproxy_watchdog can0 interface is now up.
2020-11-14 13:48:07-05:00 coachproxy_watchdog rvc2mqtt.pl is down. Starting it...
2020-11-14 13:48:07-05:00 coachproxy_watchdog wifi_mqtt.pl is down. Starting it...
2020-11-14 14:50:24-05:00 rc.local.coachproxy -- BOOTED --
2020-11-20 10:18:02-05:00 safe_shutdown shutting down.
2020-11-20 10:19:01-05:00 coachproxy_watchdog can0 is DOWN. Attempting to restart...
2020-11-20 10:19:06-05:00 coachproxy_watchdog can0 interface is now up.
2020-11-20 10:19:06-05:00 coachproxy_watchdog rvc2mqtt.pl is down. Starting it...
2020-11-20 10:19:06-05:00 coachproxy_watchdog wifi_mqtt.pl is down. Starting it...
2020-11-22 15:54:25-05:00 rc.local.coachproxy -- BOOTED --
2020-11-22 19:12:41-05:00 safe_shutdown shutting down.
2020-11-22 19:14:01-05:00 coachproxy_watchdog can0 is DOWN. Attempting to restart...
2020-11-22 19:14:06-05:00 coachproxy_watchdog can0 interface is now up.
2020-11-22 19:14:06-05:00 coachproxy_watchdog rvc2mqtt.pl is down. Starting it...
2020-11-22 19:14:06-05:00 coachproxy_watchdog wifi_mqtt.pl is down. Starting it...
2020-11-23 16:18:40-05:00 rc.local.coachproxy -- BOOTED --
2020-11-23 18:29:02-05:00 coachproxy_watchdog can0 is DOWN. Attempting to restart...
2020-11-23 18:29:07-05:00 coachproxy_watchdog can0 interface is now up.
2020-11-23 18:29:07-05:00 coachproxy_watchdog rvc2mqtt.pl is down. Starting it...
2020-11-23 18:29:07-05:00 coachproxy_watchdog wifi_mqtt.pl is down. Starting it...
2020-11-23 18:31:00-05:00 rc.local.coachproxy -- BOOTED --
2020-11-23 18:56:01-05:00 coachproxy_watchdog can0 is DOWN. Attempting to restart...
2020-11-23 18:56:06-05:00 coachproxy_watchdog can0 interface is now up.
2020-11-23 18:56:06-05:00 coachproxy_watchdog rvc2mqtt.pl is down. Starting it...
2020-11-23 18:56:06-05:00 coachproxy_watchdog wifi_mqtt.pl is down. Starting it...
2020-11-24 17:20:17-05:00 rc.local.coachproxy -- BOOTED --
2020-11-24 18:47:02-05:00 safe_shutdown shutting down.
2020-11-24 18:48:02-05:00 coachproxy_watchdog can0 is DOWN. Attempting to restart...
2020-11-24 18:48:07-05:00 coachproxy_watchdog can0 interface is now up.
2020-11-24 18:48:07-05:00 coachproxy_watchdog rvc2mqtt.pl is down. Starting it...
2020-11-24 18:48:07-05:00 coachproxy_watchdog wifi_mqtt.pl is down. Starting it...
2020-11-25 12:24:25-05:00 rc.local.coachproxy -- BOOTED --
2020-11-25 19:07:09-05:00 safe_shutdown shutting down.
2020-11-25 19:08:02-05:00 coachproxy_watchdog can0 is DOWN. Attempting to restart...
2020-11-25 19:08:07-05:00 coachproxy_watchdog can0 interface is now up.
2020-11-25 19:08:07-05:00 coachproxy_watchdog rvc2mqtt.pl is down. Starting it...
2020-11-25 19:08:07-05:00 coachproxy_watchdog wifi_mqtt.pl is down. Starting it...
2020-11-26 13:19:49-05:00 rc.local.coachproxy -- BOOTED --
2020-11-26 17:18:02-05:00 coachproxy_watchdog can0 is DOWN. Attempting to restart...
2020-11-26 17:18:07-05:00 coachproxy_watchdog can0 interface is now up.
2020-11-26 17:18:07-05:00 coachproxy_watchdog rvc2mqtt.pl is down. Starting it...
2020-11-26 17:18:07-05:00 coachproxy_watchdog wifi_mqtt.pl is down. Starting it...
2020-11-26 17:31:28-05:00 rc.local.coachproxy -- BOOTED --
2020-11-26 17:18:02-05:00 coachproxy_watchdog can0 is DOWN. Attempting to restart...
2020-11-26 17:18:07-05:00 coachproxy_watchdog can0 interface is now up.
2020-11-26 17:18:07-05:00 coachproxy_watchdog rvc2mqtt.pl is down. Starting it...
2020-11-26 17:18:07-05:00 coachproxy_watchdog wifi_mqtt.pl is down. Starting it...
2020-11-26 17:36:07-05:00 rc.local.coachproxy -- BOOTED --
2020-11-26 17:18:01-05:00 coachproxy_watchdog can0 is DOWN. Attempting to restart...
2020-11-26 17:18:06-05:00 coachproxy_watchdog can0 interface is now up.
2020-11-26 17:18:06-05:00 coachproxy_watchdog rvc2mqtt.pl is down. Starting it...
2020-11-26 17:18:06-05:00 coachproxy_watchdog wifi_mqtt.pl is down. Starting it...
2020-11-26 17:44:34-05:00 rc.local.coachproxy -- BOOTED --
2020-11-26 17:18:01-05:00 coachproxy_watchdog can0 is DOWN. Attempting to restart...
2020-11-26 17:18:06-05:00 coachproxy_watchdog can0 interface is now up.
2020-11-26 17:18:06-05:00 coachproxy_watchdog rvc2mqtt.pl is down. Starting it...
2020-11-26 17:18:06-05:00 coachproxy_watchdog wifi_mqtt.pl is down. Starting it...
2020-11-26 18:16:43-05:00 rc.local.coachproxy -- BOOTED --
2020-11-26 19:16:59-05:00 safe_shutdown shutting down.
2020-11-26 19:18:01-05:00 coachproxy_watchdog can0 is DOWN. Attempting to restart...
2020-11-26 19:18:06-05:00 coachproxy_watchdog can0 interface is now up.
2020-11-26 19:18:06-05:00 coachproxy_watchdog rvc2mqtt.pl is down. Starting it...
2020-11-26 19:18:06-05:00 coachproxy_watchdog wifi_mqtt.pl is down. Starting it...
2020-11-26 20:33:15-05:00 rc.local.coachproxy -- BOOTED --
2020-11-26 20:40:57-05:00 safe_shutdown shutting down.
2020-11-26 20:42:01-05:00 coachproxy_watchdog can0 is DOWN. Attempting to restart...
2020-11-26 20:42:06-05:00 coachproxy_watchdog can0 interface is now up.
2020-11-26 20:42:06-05:00 coachproxy_watchdog rvc2mqtt.pl is down. Starting it...
2020-11-26 20:42:06-05:00 coachproxy_watchdog wifi_mqtt.pl is down. Starting it...
2020-11-27 16:15:03-05:00 rc.local.coachproxy -- BOOTED --
2020-11-27 17:38:01-05:00 coachproxy_watchdog can0 is DOWN. Attempting to restart...
2020-11-27 17:38:06-05:00 coachproxy_watchdog can0 interface is now up.
2020-11-27 17:38:06-05:00 coachproxy_watchdog rvc2mqtt.pl is down. Starting it...
2020-11-27 17:38:07-05:00 coachproxy_watchdog wifi_mqtt.pl is down. Starting it...
2020-11-27 17:40:01-05:00 rc.local.coachproxy -- BOOTED --
2020-11-27 18:55:50-05:00 safe_shutdown shutting down.
2020-11-27 18:57:01-05:00 coachproxy_watchdog can0 is DOWN. Attempting to restart...
2020-11-27 18:57:06-05:00 coachproxy_watchdog can0 interface is now up.
2020-11-27 18:57:06-05:00 coachproxy_watchdog rvc2mqtt.pl is down. Starting it...
2020-11-27 18:57:06-05:00 coachproxy_watchdog wifi_mqtt.pl is down. Starting it...
2020-11-28 12:38:32-05:00 rc.local.coachproxy -- BOOTED --
2020-11-28 18:48:37-05:00 safe_shutdown shutting down.
2020-11-28 18:49:02-05:00 coachproxy_watchdog can0 is DOWN. Attempting to restart...
2020-11-28 18:49:07-05:00 coachproxy_watchdog can0 interface is now up.
2020-11-28 18:49:07-05:00 coachproxy_watchdog rvc2mqtt.pl is down. Starting it...
2020-11-28 18:49:07-05:00 coachproxy_watchdog wifi_mqtt.pl is down. Starting it...
2020-11-28 18:50:48-05:00 rc.local.coachproxy -- BOOTED --
2020-11-30 14:18:01-05:00 coachproxy_watchdog can0 is DOWN. Attempting to restart...
2020-11-30 14:18:06-05:00 coachproxy_watchdog can0 interface is now up.
2020-11-30 14:18:06-05:00 coachproxy_watchdog rvc2mqtt.pl is down. Starting it...
2020-11-30 14:18:06-05:00 coachproxy_watchdog wifi_mqtt.pl is down. Starting it...
2020-11-30 15:18:55-05:00 rc.local.coachproxy -- BOOTED --
2020-12-02 17:35:01-05:00 coachproxy_watchdog can0 is DOWN. Attempting to restart...
2020-12-02 17:35:06-05:00 coachproxy_watchdog can0 interface is now up.
2020-12-02 17:35:06-05:00 coachproxy_watchdog rvc2mqtt.pl is down. Starting it...
2020-12-02 17:35:06-05:00 coachproxy_watchdog wifi_mqtt.pl is down. Starting it...
2021-01-01 16:09:21-05:00 rc.local.coachproxy -- BOOTED --
2021-01-06 13:18:01-05:00 coachproxy_watchdog can0 is DOWN. Attempting to restart...
2021-01-06 13:18:06-05:00 coachproxy_watchdog can0 interface is now up.
2021-01-06 13:18:07-05:00 coachproxy_watchdog rvc2mqtt.pl is down. Starting it...
2021-01-06 13:18:07-05:00 coachproxy_watchdog wifi_mqtt.pl is down. Starting it...
2021-01-06 14:16:41-05:00 rc.local.coachproxy -- BOOTED --
2021-01-06 14:52:29-05:00 safe_shutdown shutting down.
2021-01-06 14:53:01-05:00 coachproxy_watchdog can0 is DOWN. Attempting to restart...
2021-01-06 14:53:06-05:00 coachproxy_watchdog can0 interface is now up.
2021-01-06 14:53:06-05:00 coachproxy_watchdog rvc2mqtt.pl is down. Starting it...
2021-01-06 14:53:07-05:00 coachproxy_watchdog wifi_mqtt.pl is down. Starting it...
2021-01-22 12:47:53-05:00 rc.local.coachproxy -- BOOTED --
2021-01-22 12:52:01-05:00 coachproxy_watchdog can0 is DOWN. Attempting to restart...
2021-01-22 12:52:06-05:00 coachproxy_watchdog can0 interface is now up.
2021-01-22 12:52:06-05:00 coachproxy_watchdog rvc2mqtt.pl is down. Starting it...
2021-01-22 12:52:06-05:00 coachproxy_watchdog wifi_mqtt.pl is down. Starting it...
2021-01-22 12:52:01-05:00 coachproxy_watchdog can0 is DOWN. Attempting to restart...
2021-01-22 12:52:06-05:00 coachproxy_watchdog can0 interface is now up.
2021-01-22 12:52:06-05:00 coachproxy_watchdog rvc2mqtt.pl is down. Starting it...
2021-01-22 12:52:06-05:00 coachproxy_watchdog wifi_mqtt.pl is down. Starting it...
2021-01-22 14:23:58-05:00 rc.local.coachproxy -- BOOTED --
2021-01-22 15:18:01-05:00 coachproxy_watchdog can0 is DOWN. Attempting to restart...
2021-01-22 15:18:06-05:00 coachproxy_watchdog can0 interface is now up.
2021-01-22 15:18:06-05:00 coachproxy_watchdog rvc2mqtt.pl is down. Starting it...
2021-01-22 15:18:06-05:00 coachproxy_watchdog wifi_mqtt.pl is down. Starting it...
2021-01-22 15:31:27-05:00 rc.local.coachproxy -- BOOTED --
2021-01-23 12:18:01-05:00 coachproxy_watchdog can0 is DOWN. Attempting to restart...
2021-01-23 12:18:06-05:00 coachproxy_watchdog can0 interface is now up.
2021-01-23 12:18:06-05:00 coachproxy_watchdog rvc2mqtt.pl is down. Starting it...
2021-01-23 12:18:06-05:00 coachproxy_watchdog wifi_mqtt.pl is down. Starting it...
2021-01-23 13:03:59-05:00 rc.local.coachproxy -- BOOTED --
2021-01-23 16:01:48-05:00 safe_reboot rebooting...
2021-01-23 16:03:02-05:00 coachproxy_watchdog can0 is DOWN. Attempting to restart...
2021-01-23 16:03:07-05:00 coachproxy_watchdog can0 interface is now up.
2021-01-23 16:03:07-05:00 coachproxy_watchdog rvc2mqtt.pl is down. Starting it...
2021-01-23 16:03:07-05:00 coachproxy_watchdog wifi_mqtt.pl is down. Starting it...
2021-01-23 16:04:07-05:00 rc.local.coachproxy -- BOOTED --
2021-01-23 16:18:01-05:00 coachproxy_watchdog can0 is DOWN. Attempting to restart...
2021-01-23 16:18:06-05:00 coachproxy_watchdog can0 interface is now up.
2021-01-23 16:18:06-05:00 coachproxy_watchdog rvc2mqtt.pl is down. Starting it...
2021-01-23 16:18:06-05:00 coachproxy_watchdog wifi_mqtt.pl is down. Starting it...
2021-01-23 17:08:35-05:00 rc.local.coachproxy -- BOOTED --
2021-01-23 19:20:41-05:00 safe_reboot rebooting...
2021-01-23 19:22:01-05:00 coachproxy_watchdog can0 is DOWN. Attempting to restart...
2021-01-23 19:22:06-05:00 coachproxy_watchdog can0 interface is now up.
2021-01-23 19:22:06-05:00 coachproxy_watchdog rvc2mqtt.pl is down. Starting it...
2021-01-23 19:22:06-05:00 coachproxy_watchdog wifi_mqtt.pl is down. Starting it...
2021-01-23 19:23:10-05:00 rc.local.coachproxy -- BOOTED --
2021-01-23 19:22:01-05:00 coachproxy_watchdog can0 is DOWN. Attempting to restart...
2021-01-23 19:22:07-05:00 coachproxy_watchdog can0 interface is now up.
2021-01-23 19:22:07-05:00 coachproxy_watchdog rvc2mqtt.pl is down. Starting it...
2021-01-23 19:22:07-05:00 coachproxy_watchdog wifi_mqtt.pl is down. Starting it...
2021-01-23 19:36:39-05:00 rc.local.coachproxy -- BOOTED --
2021-01-24 14:18:01-05:00 coachproxy_watchdog can0 is DOWN. Attempting to restart...
2021-01-24 14:18:07-05:00 coachproxy_watchdog can0 interface is now up.
2021-01-24 14:18:07-05:00 coachproxy_watchdog rvc2mqtt.pl is down. Starting it...
2021-01-24 14:18:07-05:00 coachproxy_watchdog wifi_mqtt.pl is down. Starting it...
2021-01-24 15:11:12-05:00 rc.local.coachproxy -- BOOTED --
2021-01-24 18:18:01-05:00 coachproxy_watchdog can0 is DOWN. Attempting to restart...
2021-01-24 18:18:06-05:00 coachproxy_watchdog can0 interface is now up.
2021-01-24 18:18:06-05:00 coachproxy_watchdog rvc2mqtt.pl is down. Starting it...
2021-01-24 18:18:07-05:00 coachproxy_watchdog wifi_mqtt.pl is down. Starting it...
2021-01-24 18:20:39-05:00 rc.local.coachproxy -- BOOTED --
2021-01-24 18:21:12-05:00 safe_reboot rebooting...
2021-01-24 18:22:01-05:00 coachproxy_watchdog can0 is DOWN. Attempting to restart...
2021-01-24 18:22:06-05:00 coachproxy_watchdog can0 interface is now up.
2021-01-24 18:22:06-05:00 coachproxy_watchdog rvc2mqtt.pl is down. Starting it...
2021-01-24 18:22:06-05:00 coachproxy_watchdog wifi_mqtt.pl is down. Starting it...
2021-01-24 18:23:41-05:00 rc.local.coachproxy -- BOOTED --
2021-01-24 18:29:07-05:00 safe_reboot rebooting...
2021-01-24 18:30:01-05:00 coachproxy_watchdog can0 is DOWN. Attempting to restart...
2021-01-24 18:30:06-05:00 coachproxy_watchdog can0 interface is now up.
2021-01-24 18:30:06-05:00 coachproxy_watchdog rvc2mqtt.pl is down. Starting it...
2021-01-24 18:30:06-05:00 coachproxy_watchdog wifi_mqtt.pl is down. Starting it...
2021-01-24 18:31:26-05:00 rc.local.coachproxy -- BOOTED --
2021-01-24 18:43:05-05:00 safe_reboot rebooting...
2021-01-24 18:44:01-05:00 coachproxy_watchdog can0 is DOWN. Attempting to restart...
2021-01-24 18:44:06-05:00 coachproxy_watchdog can0 interface is now up.
2021-01-24 18:44:06-05:00 coachproxy_watchdog rvc2mqtt.pl is down. Starting it...
2021-01-24 18:44:06-05:00 coachproxy_watchdog wifi_mqtt.pl is down. Starting it...
2021-01-24 18:45:34-05:00 rc.local.coachproxy -- BOOTED --
2021-01-24 18:54:22-05:00 safe_reboot rebooting...
2021-01-24 18:55:01-05:00 coachproxy_watchdog can0 is DOWN. Attempting to restart...
2021-01-24 18:55:06-05:00 coachproxy_watchdog can0 interface is now up.
2021-01-24 18:55:06-05:00 coachproxy_watchdog rvc2mqtt.pl is down. Starting it...
2021-01-24 18:55:06-05:00 coachproxy_watchdog wifi_mqtt.pl is down. Starting it...
2021-01-24 18:56:41-05:00 rc.local.coachproxy -- BOOTED --
2021-01-24 19:23:33-05:00 safe_reboot rebooting...
2021-01-24 19:24:01-05:00 coachproxy_watchdog can0 is DOWN. Attempting to restart...
2021-01-24 19:24:06-05:00 coachproxy_watchdog can0 interface is now up.
2021-01-24 19:24:07-05:00 coachproxy_watchdog rvc2mqtt.pl is down. Starting it...
2021-01-24 19:24:07-05:00 coachproxy_watchdog wifi_mqtt.pl is down. Starting it...
2021-01-24 19:26:01-05:00 rc.local.coachproxy -- BOOTED --
2021-01-24 19:30:49-05:00 safe_reboot rebooting...
2021-01-24 19:32:02-05:00 coachproxy_watchdog can0 is DOWN. Attempting to restart...
2021-01-24 19:32:07-05:00 coachproxy_watchdog can0 interface is now up.
2021-01-24 19:32:07-05:00 coachproxy_watchdog rvc2mqtt.pl is down. Starting it...
2021-01-24 19:32:07-05:00 coachproxy_watchdog wifi_mqtt.pl is down. Starting it...
2021-01-24 19:33:17-05:00 rc.local.coachproxy -- BOOTED --
2021-01-24 19:32:01-05:00 coachproxy_watchdog can0 is DOWN. Attempting to restart...
2021-01-24 19:32:06-05:00 coachproxy_watchdog can0 interface is now up.
2021-01-24 19:32:06-05:00 coachproxy_watchdog rvc2mqtt.pl is down. Starting it...
2021-01-24 19:32:06-05:00 coachproxy_watchdog wifi_mqtt.pl is down. Starting it...
2021-01-24 19:35:53-05:00 rc.local.coachproxy -- BOOTED --
2021-01-24 23:51:50-05:00 safe_shutdown shutting down.
2021-01-24 23:53:01-05:00 coachproxy_watchdog can0 is DOWN. Attempting to restart...
2021-01-24 23:53:07-05:00 coachproxy_watchdog can0 interface is now up.
2021-01-24 23:53:07-05:00 coachproxy_watchdog rvc2mqtt.pl is down. Starting it...
2021-01-24 23:53:07-05:00 coachproxy_watchdog wifi_mqtt.pl is down. Starting it...
2021-01-25 13:08:31-05:00 rc.local.coachproxy -- BOOTED --
2021-01-26 06:57:14-05:00 safe_shutdown shutting down.
2021-01-26 06:58:01-05:00 coachproxy_watchdog can0 is DOWN. Attempting to restart...
2021-01-26 06:58:06-05:00 coachproxy_watchdog can0 interface is now up.
2021-01-26 06:58:06-05:00 coachproxy_watchdog rvc2mqtt.pl is down. Starting it...
2021-01-26 06:58:06-05:00 coachproxy_watchdog wifi_mqtt.pl is down. Starting it...
2021-01-26 11:20:08-05:00 rc.local.coachproxy -- BOOTED --
2021-01-26 14:30:55-05:00 safe_reboot rebooting...
2021-01-26 14:32:01-05:00 coachproxy_watchdog can0 is DOWN. Attempting to restart...
2021-01-26 14:32:06-05:00 coachproxy_watchdog can0 interface is now up.
2021-01-26 14:32:06-05:00 coachproxy_watchdog rvc2mqtt.pl is down. Starting it...
2021-01-26 14:32:06-05:00 coachproxy_watchdog wifi_mqtt.pl is down. Starting it...
2021-01-26 14:33:23-05:00 rc.local.coachproxy -- BOOTED --
2021-01-26 14:41:05-05:00 safe_reboot rebooting...
2021-01-26 14:42:01-05:00 coachproxy_watchdog can0 is DOWN. Attempting to restart...
2021-01-26 14:42:06-05:00 coachproxy_watchdog can0 interface is now up.
2021-01-26 14:42:06-05:00 coachproxy_watchdog rvc2mqtt.pl is down. Starting it...
2021-01-26 14:42:06-05:00 coachproxy_watchdog wifi_mqtt.pl is down. Starting it...
2021-01-26 14:43:34-05:00 rc.local.coachproxy -- BOOTED --
2021-01-26 18:47:04-05:00 safe_reboot rebooting...
2021-01-26 18:48:01-05:00 coachproxy_watchdog can0 is DOWN. Attempting to restart...
2021-01-26 18:48:06-05:00 coachproxy_watchdog can0 interface is now up.
2021-01-26 18:48:06-05:00 coachproxy_watchdog rvc2mqtt.pl is down. Starting it...
2021-01-26 18:48:06-05:00 coachproxy_watchdog wifi_mqtt.pl is down. Starting it...
2021-01-26 18:49:23-05:00 rc.local.coachproxy -- BOOTED --
2021-01-26 19:33:05-05:00 safe_shutdown shutting down.
2021-01-26 19:34:01-05:00 coachproxy_watchdog can0 is DOWN. Attempting to restart...
2021-01-26 19:34:06-05:00 coachproxy_watchdog can0 interface is now up.
2021-01-26 19:34:06-05:00 coachproxy_watchdog rvc2mqtt.pl is down. Starting it...
2021-01-26 19:34:06-05:00 coachproxy_watchdog wifi_mqtt.pl is down. Starting it...
2021-01-27 12:39:13-05:00 rc.local.coachproxy -- BOOTED --
2021-01-27 16:14:01-05:00 coachproxy_watchdog can0 is DOWN. Attempting to restart...
2021-01-27 16:14:01-05:00 re-ip updating IP address in habridge.config with 192.168.8.211
2021-01-27 16:14:02-05:00 re-ip restarted habridge.service
2021-01-27 16:14:06-05:00 coachproxy_watchdog can0 interface is now up.
2021-01-27 16:14:06-05:00 coachproxy_watchdog rvc2mqtt.pl is down. Starting it...
2021-01-27 16:14:07-05:00 coachproxy_watchdog wifi_mqtt.pl is down. Starting it...
2021-01-27 16:15:57-05:00 rc.local.coachproxy -- BOOTED --
2021-01-27 16:29:02-05:00 coachproxy_watchdog can0 is DOWN. Attempting to restart...
2021-01-27 16:29:07-05:00 coachproxy_watchdog can0 interface is now up.
2021-01-27 16:29:07-05:00 coachproxy_watchdog rvc2mqtt.pl is down. Starting it...
2021-01-27 16:29:07-05:00 coachproxy_watchdog wifi_mqtt.pl is down. Starting it...
2021-01-27 16:30:56-05:00 rc.local.coachproxy -- BOOTED --
2021-01-27 17:34:58-05:00 safe_reboot rebooting...
2021-01-27 17:36:01-05:00 coachproxy_watchdog can0 is DOWN. Attempting to restart...
2021-01-27 17:36:06-05:00 coachproxy_watchdog can0 interface is now up.
2021-01-27 17:36:06-05:00 coachproxy_watchdog rvc2mqtt.pl is down. Starting it...
2021-01-27 17:36:06-05:00 coachproxy_watchdog wifi_mqtt.pl is down. Starting it...
2021-01-27 17:37:17-05:00 rc.local.coachproxy -- BOOTED --
2021-01-29 16:18:01-05:00 coachproxy_watchdog can0 is DOWN. Attempting to restart...
2021-01-29 16:18:06-05:00 coachproxy_watchdog can0 interface is now up.
2021-01-29 16:18:06-05:00 coachproxy_watchdog rvc2mqtt.pl is down. Starting it...
2021-01-29 16:18:07-05:00 coachproxy_watchdog wifi_mqtt.pl is down. Starting it...
2021-01-29 17:17:43-05:00 rc.local.coachproxy -- BOOTED --
2021-01-29 17:18:01-05:00 coachproxy_watchdog can0 is DOWN. Attempting to restart...
2021-01-29 17:18:06-05:00 coachproxy_watchdog can0 interface is now up.
2021-01-29 17:18:06-05:00 coachproxy_watchdog rvc2mqtt.pl is down. Starting it...
2021-01-29 17:18:06-05:00 coachproxy_watchdog wifi_mqtt.pl is down. Starting it...
2021-01-29 17:24:02-05:00 rc.local.coachproxy -- BOOTED --
2021-02-02 16:18:01-05:00 coachproxy_watchdog can0 is DOWN. Attempting to restart...
2021-02-02 16:18:06-05:00 coachproxy_watchdog can0 interface is now up.
2021-02-02 16:18:06-05:00 coachproxy_watchdog rvc2mqtt.pl is down. Starting it...
2021-02-02 16:18:07-05:00 coachproxy_watchdog wifi_mqtt.pl is down. Starting it...
2021-02-02 16:19:02-05:00 rc.local.coachproxy -- BOOTED --
2021-02-03 19:02:32-05:00 safe_shutdown shutting down.
2021-02-03 19:03:01-05:00 coachproxy_watchdog can0 is DOWN. Attempting to restart...
2021-02-03 19:03:06-05:00 coachproxy_watchdog can0 interface is now up.
2021-02-03 19:03:06-05:00 coachproxy_watchdog rvc2mqtt.pl is down. Starting it...
2021-02-03 19:03:06-05:00 coachproxy_watchdog wifi_mqtt.pl is down. Starting it...
2021-02-06 13:19:56-05:00 rc.local.coachproxy -- BOOTED --
2021-02-06 16:47:58-05:00 safe_reboot rebooting...
2021-02-06 16:49:01-05:00 coachproxy_watchdog can0 is DOWN. Attempting to restart...
2021-02-06 16:49:06-05:00 coachproxy_watchdog can0 interface is now up.
2021-02-06 16:49:06-05:00 coachproxy_watchdog rvc2mqtt.pl is down. Starting it...
2021-02-06 16:49:06-05:00 coachproxy_watchdog wifi_mqtt.pl is down. Starting it...
2021-02-06 16:50:27-05:00 rc.local.coachproxy -- BOOTED --
2021-02-06 17:04:13-05:00 safe_reboot rebooting...
2021-02-06 17:05:01-05:00 coachproxy_watchdog can0 is DOWN. Attempting to restart...
2021-02-06 17:05:06-05:00 coachproxy_watchdog can0 interface is now up.
2021-02-06 17:05:06-05:00 coachproxy_watchdog rvc2mqtt.pl is down. Starting it...
2021-02-06 17:05:06-05:00 coachproxy_watchdog wifi_mqtt.pl is down. Starting it...
2021-02-06 17:06:41-05:00 rc.local.coachproxy -- BOOTED --
2021-02-06 17:18:01-05:00 coachproxy_watchdog can0 is DOWN. Attempting to restart...
2021-02-06 17:18:07-05:00 coachproxy_watchdog can0 interface is now up.
2021-02-06 17:18:07-05:00 coachproxy_watchdog rvc2mqtt.pl is down. Starting it...
2021-02-06 17:18:07-05:00 coachproxy_watchdog wifi_mqtt.pl is down. Starting it...
2021-02-06 18:17:09-05:00 rc.local.coachproxy -- BOOTED --
2021-02-06 19:14:50-05:00 safe_reboot rebooting...
2021-02-06 19:16:01-05:00 coachproxy_watchdog can0 is DOWN. Attempting to restart...
2021-02-06 19:16:06-05:00 coachproxy_watchdog can0 interface is now up.
2021-02-06 19:16:06-05:00 coachproxy_watchdog rvc2mqtt.pl is down. Starting it...
2021-02-06 19:16:06-05:00 coachproxy_watchdog wifi_mqtt.pl is down. Starting it...
2021-02-06 19:17:18-05:00 rc.local.coachproxy -- BOOTED --
2021-02-06 19:22:14-05:00 safe_reboot rebooting...
2021-02-06 19:23:01-05:00 coachproxy_watchdog can0 is DOWN. Attempting to restart...
2021-02-06 19:23:06-05:00 coachproxy_watchdog can0 interface is now up.
2021-02-06 19:23:06-05:00 coachproxy_watchdog rvc2mqtt.pl is down. Starting it...
2021-02-06 19:23:06-05:00 coachproxy_watchdog wifi_mqtt.pl is down. Starting it...
2021-02-06 19:24:43-05:00 rc.local.coachproxy -- BOOTED --
2021-02-06 20:00:15-05:00 safe_shutdown shutting down.
2021-02-06 20:01:02-05:00 coachproxy_watchdog can0 is DOWN. Attempting to restart...
2021-02-06 20:01:07-05:00 coachproxy_watchdog can0 interface is now up.
2021-02-06 20:01:07-05:00 coachproxy_watchdog rvc2mqtt.pl is down. Starting it...
2021-02-06 20:01:07-05:00 coachproxy_watchdog wifi_mqtt.pl is down. Starting it...
2021-02-07 13:29:50-05:00 rc.local.coachproxy -- BOOTED --
2021-02-08 12:18:02-05:00 coachproxy_watchdog can0 is DOWN. Attempting to restart...
2021-02-08 12:18:07-05:00 coachproxy_watchdog can0 interface is now up.
2021-02-08 12:18:07-05:00 coachproxy_watchdog rvc2mqtt.pl is down. Starting it...
2021-02-08 12:18:07-05:00 coachproxy_watchdog wifi_mqtt.pl is down. Starting it...
2021-02-08 12:59:19-05:00 rc.local.coachproxy -- BOOTED --
2021-02-08 13:18:02-05:00 coachproxy_watchdog can0 is DOWN. Attempting to restart...
2021-02-08 13:18:07-05:00 coachproxy_watchdog can0 interface is now up.
2021-02-08 13:18:07-05:00 coachproxy_watchdog rvc2mqtt.pl is down. Starting it...
2021-02-08 13:18:07-05:00 coachproxy_watchdog wifi_mqtt.pl is down. Starting it...
2021-02-08 13:58:50-05:00 rc.local.coachproxy -- BOOTED --
2021-02-08 18:18:01-05:00 coachproxy_watchdog can0 is DOWN. Attempting to restart...
2021-02-08 18:18:06-05:00 coachproxy_watchdog can0 interface is now up.
2021-02-08 18:18:06-05:00 coachproxy_watchdog rvc2mqtt.pl is down. Starting it...
2021-02-08 18:18:06-05:00 coachproxy_watchdog wifi_mqtt.pl is down. Starting it...
2021-02-08 19:04:19-05:00 rc.local.coachproxy -- BOOTED --
2021-02-09 16:18:01-05:00 coachproxy_watchdog can0 is DOWN. Attempting to restart...
2021-02-09 16:18:06-05:00 coachproxy_watchdog can0 interface is now up.
2021-02-09 16:18:06-05:00 coachproxy_watchdog rvc2mqtt.pl is down. Starting it...
2021-02-09 16:18:06-05:00 coachproxy_watchdog wifi_mqtt.pl is down. Starting it...
                                    2021-02-09 16:18:01-05:00 coachproxy_watchdog can0 is DOWN. Attempting to restart...
2021-02-09 16:18:06-05:00 coachproxy_watchdog can0 interface is now up.
2021-02-09 16:18:06-05:00 coachproxy_watchdog rvc2mqtt.pl is down. Starting it...
2021-02-09 16:18:07-05:00 coachproxy_watchdog wifi_mqtt.pl is down. Starting it...
2021-02-09 16:59:18-05:00 rc.local.coachproxy -- BOOTED --
2021-02-09 16:18:01-05:00 coachproxy_watchdog can0 is DOWN. Attempting to restart...
2021-02-09 16:18:06-05:00 coachproxy_watchdog can0 interface is now up.
2021-02-09 16:18:06-05:00 coachproxy_watchdog rvc2mqtt.pl is down. Starting it...
2021-02-09 16:18:06-05:00 coachproxy_watchdog wifi_mqtt.pl is down. Starting it...
2021-02-09 17:09:46-05:00 rc.local.coachproxy -- BOOTED --
2021-02-09 18:18:01-05:00 coachproxy_watchdog can0 is DOWN. Attempting to restart...
2021-02-09 18:18:06-05:00 coachproxy_watchdog can0 interface is now up.
2021-02-09 18:18:07-05:00 coachproxy_watchdog rvc2mqtt.pl is down. Starting it...
2021-02-09 18:18:07-05:00 coachproxy_watchdog wifi_mqtt.pl is down. Starting it...
2021-02-09 19:06:10-05:00 rc.local.coachproxy -- BOOTED --
2021-02-09 19:18:01-05:00 coachproxy_watchdog can0 is DOWN. Attempting to restart...
2021-02-09 19:18:06-05:00 coachproxy_watchdog can0 interface is now up.
2021-02-09 19:18:06-05:00 coachproxy_watchdog rvc2mqtt.pl is down. Starting it...
2021-02-09 19:18:07-05:00 coachproxy_watchdog wifi_mqtt.pl is down. Starting it...
2021-02-09 19:25:40-05:00 rc.local.coachproxy -- BOOTED --
2021-02-10 13:18:01-05:00 coachproxy_watchdog can0 is DOWN. Attempting to restart...
2021-02-10 13:18:07-05:00 coachproxy_watchdog can0 interface is now up.
2021-02-10 13:18:07-05:00 coachproxy_watchdog rvc2mqtt.pl is down. Starting it...
2021-02-10 13:18:07-05:00 coachproxy_watchdog wifi_mqtt.pl is down. Starting it...
2021-02-10 13:34:09-05:00 rc.local.coachproxy -- BOOTED --
2021-02-10 17:46:49-05:00 safe_reboot rebooting...
2021-02-10 17:48:01-05:00 coachproxy_watchdog can0 is DOWN. Attempting to restart...
2021-02-10 17:48:06-05:00 coachproxy_watchdog can0 interface is now up.
2021-02-10 17:48:06-05:00 coachproxy_watchdog rvc2mqtt.pl is down. Starting it...
2021-02-10 17:48:06-05:00 coachproxy_watchdog wifi_mqtt.pl is down. Starting it...
2021-02-10 17:49:17-05:00 rc.local.coachproxy -- BOOTED --
2021-02-10 19:34:29-05:00 safe_shutdown shutting down.
2021-02-10 19:35:01-05:00 coachproxy_watchdog can0 is DOWN. Attempting to restart...
2021-02-10 19:35:07-05:00 coachproxy_watchdog can0 interface is now up.
2021-02-10 19:35:07-05:00 coachproxy_watchdog rvc2mqtt.pl is down. Starting it...
2021-02-10 19:35:07-05:00 coachproxy_watchdog wifi_mqtt.pl is down. Starting it...
2021-02-11 09:28:59-05:00 rc.local.coachproxy -- BOOTED --
2021-02-11 14:18:01-05:00 coachproxy_watchdog can0 is DOWN. Attempting to restart...
2021-02-11 14:18:06-05:00 coachproxy_watchdog can0 interface is now up.
2021-02-11 14:18:07-05:00 coachproxy_watchdog rvc2mqtt.pl is down. Starting it...
2021-02-11 14:18:07-05:00 coachproxy_watchdog wifi_mqtt.pl is down. Starting it...
2021-02-11 15:12:28-05:00 rc.local.coachproxy -- BOOTED --
2021-02-11 15:18:01-05:00 coachproxy_watchdog can0 is DOWN. Attempting to restart...
2021-02-11 15:18:07-05:00 coachproxy_watchdog can0 interface is now up.
2021-02-11 15:18:07-05:00 coachproxy_watchdog rvc2mqtt.pl is down. Starting it...
2021-02-11 15:18:07-05:00 coachproxy_watchdog wifi_mqtt.pl is down. Starting it...
2021-02-11 15:19:57-05:00 rc.local.coachproxy -- BOOTED --
2021-02-11 16:18:01-05:00 coachproxy_watchdog can0 is DOWN. Attempting to restart...
2021-02-11 16:18:07-05:00 coachproxy_watchdog can0 interface is now up.
2021-02-11 16:18:07-05:00 coachproxy_watchdog rvc2mqtt.pl is down. Starting it...
2021-02-11 16:18:07-05:00 coachproxy_watchdog wifi_mqtt.pl is down. Starting it...
2021-02-11 16:30:25-05:00 rc.local.coachproxy -- BOOTED --
                                                                                                                                                                                    2021-02-11 17:18:01-05:00 coachproxy_watchdog can0 is DOWN. Attempting to restart...
2021-02-11 17:18:06-05:00 coachproxy_watchdog can0 interface is now up.
2021-02-11 17:18:07-05:00 coachproxy_watchdog rvc2mqtt.pl is down. Starting it...
2021-02-11 17:18:07-05:00 coachproxy_watchdog wifi_mqtt.pl is down. Starting it...
2021-02-11 17:36:22-05:00 rc.local.coachproxy -- BOOTED --
2021-02-11 18:31:01-05:00 coachproxy_watchdog can0 is DOWN. Attempting to restart...
2021-02-11 18:31:01-05:00 re-ip updating IP address in habridge.config with 192.168.8.208
2021-02-11 18:31:06-05:00 coachproxy_watchdog can0 interface is now up.
2021-02-11 18:31:06-05:00 coachproxy_watchdog rvc2mqtt.pl is down. Starting it...
2021-02-11 18:31:06-05:00 coachproxy_watchdog wifi_mqtt.pl is down. Starting it...
2021-02-11 18:31:07-05:00 re-ip restarted habridge.service
2021-02-11 18:32:53-05:00 rc.local.coachproxy -- BOOTED --
2021-02-11 18:59:01-05:00 coachproxy_watchdog can0 is DOWN. Attempting to restart...
2021-02-11 18:59:06-05:00 coachproxy_watchdog can0 interface is now up.
2021-02-11 18:59:06-05:00 coachproxy_watchdog rvc2mqtt.pl is down. Starting it...
2021-02-11 18:59:06-05:00 coachproxy_watchdog wifi_mqtt.pl is down. Starting it...
2021-02-11 19:00:47-05:00 rc.local.coachproxy -- BOOTED --
2021-02-12 15:38:05-05:00 safe_reboot rebooting...
2021-02-12 15:39:02-05:00 coachproxy_watchdog can0 is DOWN. Attempting to restart...
2021-02-12 15:39:07-05:00 coachproxy_watchdog can0 interface is now up.
2021-02-12 15:39:07-05:00 coachproxy_watchdog rvc2mqtt.pl is down. Starting it...
2021-02-12 15:39:07-05:00 coachproxy_watchdog wifi_mqtt.pl is down. Starting it...
2021-02-12 15:40:34-05:00 rc.local.coachproxy -- BOOTED --
2021-02-12 15:53:55-05:00 safe_reboot rebooting...
2021-02-12 15:55:02-05:00 coachproxy_watchdog can0 is DOWN. Attempting to restart...
2021-02-12 15:55:07-05:00 coachproxy_watchdog can0 interface is now up.
2021-02-12 15:55:07-05:00 coachproxy_watchdog rvc2mqtt.pl is down. Starting it...
2021-02-12 15:55:07-05:00 coachproxy_watchdog wifi_mqtt.pl is down. Starting it...
2021-02-12 15:56:24-05:00 rc.local.coachproxy -- BOOTED --
2021-02-12 16:38:32-05:00 safe_reboot rebooting...
2021-02-12 16:39:01-05:00 coachproxy_watchdog can0 is DOWN. Attempting to restart...
2021-02-12 16:39:06-05:00 coachproxy_watchdog can0 interface is now up.
2021-02-12 16:39:06-05:00 coachproxy_watchdog rvc2mqtt.pl is down. Starting it...
2021-02-12 16:39:06-05:00 coachproxy_watchdog wifi_mqtt.pl is down. Starting it...
2021-02-12 16:40:51-05:00 rc.local.coachproxy -- BOOTED --
2021-02-12 16:48:23-05:00 safe_reboot rebooting...
2021-02-12 16:49:01-05:00 coachproxy_watchdog can0 is DOWN. Attempting to restart...
2021-02-12 16:49:07-05:00 coachproxy_watchdog can0 interface is now up.
2021-02-12 16:49:07-05:00 coachproxy_watchdog rvc2mqtt.pl is down. Starting it...
2021-02-12 16:49:07-05:00 coachproxy_watchdog wifi_mqtt.pl is down. Starting it...
2021-02-12 16:50:42-05:00 rc.local.coachproxy -- BOOTED --
2021-02-12 19:08:15-05:00 safe_reboot rebooting...
2021-02-12 19:09:01-05:00 coachproxy_watchdog can0 is DOWN. Attempting to restart...
2021-02-12 19:09:06-05:00 coachproxy_watchdog can0 interface is now up.
2021-02-12 19:09:06-05:00 coachproxy_watchdog rvc2mqtt.pl is down. Starting it...
2021-02-12 19:09:06-05:00 coachproxy_watchdog wifi_mqtt.pl is down. Starting it...
2021-02-12 19:10:44-05:00 rc.local.coachproxy -- BOOTED --
2021-02-12 19:09:01-05:00 coachproxy_watchdog can0 is DOWN. Attempting to restart...
2021-02-12 19:09:06-05:00 coachproxy_watchdog can0 interface is now up.
2021-02-12 19:09:06-05:00 coachproxy_watchdog rvc2mqtt.pl is down. Starting it...
2021-02-12 19:09:06-05:00 coachproxy_watchdog wifi_mqtt.pl is down. Starting it...
2021-02-12 19:14:12-05:00 rc.local.coachproxy -- BOOTED --
2021-02-13 12:55:21-05:00 safe_reboot rebooting...
2021-02-13 12:56:01-05:00 coachproxy_watchdog can0 is DOWN. Attempting to restart...
2021-02-13 12:56:06-05:00 coachproxy_watchdog can0 interface is now up.
2021-02-13 12:56:06-05:00 coachproxy_watchdog rvc2mqtt.pl is down. Starting it...
2021-02-13 12:56:06-05:00 coachproxy_watchdog wifi_mqtt.pl is down. Starting it...
2021-02-13 12:57:40-05:00 rc.local.coachproxy -- BOOTED --
2021-02-13 13:10:01-05:00 safe_reboot rebooting...
2021-02-13 13:11:01-05:00 coachproxy_watchdog can0 is DOWN. Attempting to restart...
2021-02-13 13:11:06-05:00 coachproxy_watchdog can0 interface is now up.
2021-02-13 13:11:06-05:00 coachproxy_watchdog rvc2mqtt.pl is down. Starting it...
2021-02-13 13:11:06-05:00 coachproxy_watchdog wifi_mqtt.pl is down. Starting it...
2021-02-13 13:12:23-05:00 rc.local.coachproxy -- BOOTED --
2021-02-13 13:13:47-05:00 safe_reboot rebooting...
2021-02-13 13:15:01-05:00 coachproxy_watchdog can0 is DOWN. Attempting to restart...
2021-02-13 13:15:06-05:00 coachproxy_watchdog can0 interface is now up.
2021-02-13 13:15:06-05:00 coachproxy_watchdog rvc2mqtt.pl is down. Starting it...
2021-02-13 13:15:06-05:00 coachproxy_watchdog wifi_mqtt.pl is down. Starting it...
2021-02-13 13:16:15-05:00 rc.local.coachproxy -- BOOTED --
2021-02-13 13:31:58-05:00 safe_reboot rebooting...
2021-02-13 13:33:01-05:00 coachproxy_watchdog can0 is DOWN. Attempting to restart...
2021-02-13 13:33:06-05:00 coachproxy_watchdog can0 interface is now up.
2021-02-13 13:33:06-05:00 coachproxy_watchdog rvc2mqtt.pl is down. Starting it...
2021-02-13 13:33:06-05:00 coachproxy_watchdog wifi_mqtt.pl is down. Starting it...
2021-02-13 13:34:26-05:00 rc.local.coachproxy -- BOOTED --
2021-02-13 14:00:46-05:00 safe_reboot rebooting...
2021-02-13 14:01:01-05:00 coachproxy_watchdog can0 is DOWN. Attempting to restart...
2021-02-13 14:01:07-05:00 coachproxy_watchdog can0 interface is now up.
2021-02-13 14:01:07-05:00 coachproxy_watchdog rvc2mqtt.pl is down. Starting it...
2021-02-13 14:01:07-05:00 coachproxy_watchdog wifi_mqtt.pl is down. Starting it...
2021-02-13 14:03:07-05:00 rc.local.coachproxy -- BOOTED --
2021-02-13 15:10:03-05:00 safe_reboot rebooting...
2021-02-13 15:11:01-05:00 coachproxy_watchdog can0 is DOWN. Attempting to restart...
2021-02-13 15:11:04-05:00 safe_reboot rebooting...
2021-02-13 15:11:06-05:00 coachproxy_watchdog can0 interface is now up.
2021-02-13 15:11:06-05:00 coachproxy_watchdog rvc2mqtt.pl is down. Starting it...
2021-02-13 15:11:06-05:00 coachproxy_watchdog wifi_mqtt.pl is down. Starting it...
2021-02-13 15:12:01-05:00 coachproxy_watchdog can0 is DOWN. Attempting to restart...
2021-02-13 15:12:06-05:00 coachproxy_watchdog can0 interface is now up.
2021-02-13 15:12:06-05:00 coachproxy_watchdog rvc2mqtt.pl is down. Starting it...
2021-02-13 15:12:06-05:00 coachproxy_watchdog wifi_mqtt.pl is down. Starting it...
2021-02-13 15:13:44-05:00 rc.local.coachproxy -- BOOTED --
2021-02-13 15:13:55-05:00 safe_reboot rebooting...
2021-02-13 15:15:01-05:00 coachproxy_watchdog can0 is DOWN. Attempting to restart...
2021-02-13 15:15:06-05:00 coachproxy_watchdog can0 interface is now up.
2021-02-13 15:15:06-05:00 coachproxy_watchdog rvc2mqtt.pl is down. Starting it...
2021-02-13 15:15:07-05:00 coachproxy_watchdog wifi_mqtt.pl is down. Starting it...
2021-02-13 15:16:24-05:00 rc.local.coachproxy -- BOOTED --
2021-02-13 17:49:43-05:00 safe_reboot rebooting...
2021-02-13 17:51:01-05:00 coachproxy_watchdog can0 is DOWN. Attempting to restart...
2021-02-13 17:51:06-05:00 coachproxy_watchdog can0 interface is now up.
2021-02-13 17:51:07-05:00 coachproxy_watchdog rvc2mqtt.pl is down. Starting it...
2021-02-13 17:51:07-05:00 coachproxy_watchdog wifi_mqtt.pl is down. Starting it...
2021-02-13 17:52:12-05:00 rc.local.coachproxy -- BOOTED --
2021-02-13 17:59:05-05:00 safe_reboot rebooting...
2021-02-13 18:00:01-05:00 coachproxy_watchdog can0 is DOWN. Attempting to restart...
2021-02-13 18:00:06-05:00 coachproxy_watchdog can0 interface is now up.
2021-02-13 18:00:06-05:00 coachproxy_watchdog rvc2mqtt.pl is down. Starting it...
2021-02-13 18:00:06-05:00 coachproxy_watchdog wifi_mqtt.pl is down. Starting it...
2021-02-13 18:01:34-05:00 rc.local.coachproxy -- BOOTED --
2021-02-13 18:06:44-05:00 safe_reboot rebooting...
2021-02-13 18:07:01-05:00 coachproxy_watchdog can0 is DOWN. Attempting to restart...
                                                                                                                                                                                                                                             2021-02-13 18:07:02-05:00 coachproxy_watchdog can0 is DOWN. Attempting to restart...
2021-02-13 18:07:07-05:00 coachproxy_watchdog can0 interface is now up.
2021-02-13 18:07:07-05:00 coachproxy_watchdog rvc2mqtt.pl is down. Starting it...
2021-02-13 18:07:07-05:00 coachproxy_watchdog wifi_mqtt.pl is down. Starting it...
2021-02-13 18:09:55-05:00 rc.local.coachproxy -- BOOTED --
2021-02-13 18:13:06-05:00 safe_reboot rebooting...
2021-02-13 18:14:01-05:00 coachproxy_watchdog can0 is DOWN. Attempting to restart...
2021-02-13 18:14:06-05:00 coachproxy_watchdog can0 interface is now up.
2021-02-13 18:14:06-05:00 coachproxy_watchdog rvc2mqtt.pl is down. Starting it...
2021-02-13 18:14:06-05:00 coachproxy_watchdog wifi_mqtt.pl is down. Starting it...
2021-02-13 18:15:35-05:00 rc.local.coachproxy -- BOOTED --
2021-02-13 19:12:39-05:00 safe_reboot rebooting...
2021-02-13 19:14:01-05:00 coachproxy_watchdog can0 is DOWN. Attempting to restart...
2021-02-13 19:14:06-05:00 coachproxy_watchdog can0 interface is now up.
2021-02-13 19:14:06-05:00 coachproxy_watchdog rvc2mqtt.pl is down. Starting it...
2021-02-13 19:14:06-05:00 coachproxy_watchdog wifi_mqtt.pl is down. Starting it...
2021-02-13 19:15:08-05:00 rc.local.coachproxy -- BOOTED --
2021-02-13 19:16:05-05:00 safe_reboot rebooting...
2021-02-13 19:17:01-05:00 coachproxy_watchdog can0 is DOWN. Attempting to restart...
2021-02-13 19:17:07-05:00 coachproxy_watchdog can0 interface is now up.
2021-02-13 19:17:07-05:00 coachproxy_watchdog rvc2mqtt.pl is down. Starting it...
2021-02-13 19:17:07-05:00 coachproxy_watchdog wifi_mqtt.pl is down. Starting it...
2021-02-13 19:19:08-05:00 rc.local.coachproxy -- BOOTED --
2021-02-13 19:20:19-05:00 safe_reboot rebooting...
2021-02-13 19:21:02-05:00 coachproxy_watchdog can0 is DOWN. Attempting to restart...
2021-02-13 19:21:07-05:00 coachproxy_watchdog can0 interface is now up.
2021-02-13 19:21:07-05:00 coachproxy_watchdog rvc2mqtt.pl is down. Starting it...
2021-02-13 19:21:07-05:00 coachproxy_watchdog wifi_mqtt.pl is down. Starting it...
2021-02-13 19:22:35-05:00 safe_reboot rebooting...
2021-02-13 19:23:01-05:00 coachproxy_watchdog can0 is DOWN. Attempting to restart...
2021-02-13 19:23:07-05:00 coachproxy_watchdog can0 interface is now up.
2021-02-13 19:23:07-05:00 coachproxy_watchdog rvc2mqtt.pl is down. Starting it...
2021-02-13 19:23:07-05:00 coachproxy_watchdog wifi_mqtt.pl is down. Starting it...
2021-02-13 19:25:04-05:00 rc.local.coachproxy -- BOOTED --
2021-02-13 19:25:17-05:00 safe_reboot rebooting...
2021-02-13 19:26:02-05:00 coachproxy_watchdog can0 is DOWN. Attempting to restart...
2021-02-13 19:26:07-05:00 coachproxy_watchdog can0 interface is now up.
2021-02-13 19:26:07-05:00 coachproxy_watchdog rvc2mqtt.pl is down. Starting it...
2021-02-13 19:26:07-05:00 coachproxy_watchdog wifi_mqtt.pl is down. Starting it...
2021-02-13 19:28:20-05:00 rc.local.coachproxy -- BOOTED --
2021-02-14 15:59:32-05:00 safe_reboot rebooting...
2021-02-14 16:00:01-05:00 coachproxy_watchdog can0 is DOWN. Attempting to restart...
2021-02-14 16:00:06-05:00 coachproxy_watchdog can0 interface is now up.
2021-02-14 16:00:06-05:00 coachproxy_watchdog rvc2mqtt.pl is down. Starting it...
2021-02-14 16:00:06-05:00 coachproxy_watchdog wifi_mqtt.pl is down. Starting it...
2021-02-14 16:01:51-05:00 rc.local.coachproxy -- BOOTED --
2021-02-14 16:05:04-05:00 safe_reboot rebooting...
2021-02-14 16:06:01-05:00 coachproxy_watchdog can0 is DOWN. Attempting to restart...
2021-02-14 16:06:06-05:00 coachproxy_watchdog can0 interface is now up.
2021-02-14 16:06:06-05:00 coachproxy_watchdog rvc2mqtt.pl is down. Starting it...
2021-02-14 16:06:06-05:00 coachproxy_watchdog wifi_mqtt.pl is down. Starting it...
2021-02-14 16:07:23-05:00 rc.local.coachproxy -- BOOTED --
2021-02-14 16:08:55-05:00 safe_reboot rebooting...
2021-02-14 16:10:01-05:00 coachproxy_watchdog can0 is DOWN. Attempting to restart...
2021-02-14 16:10:06-05:00 coachproxy_watchdog can0 interface is now up.
2021-02-14 16:10:06-05:00 coachproxy_watchdog rvc2mqtt.pl is down. Starting it...
2021-02-14 16:10:06-05:00 coachproxy_watchdog wifi_mqtt.pl is down. Starting it...
2021-02-14 16:11:24-05:00 rc.local.coachproxy -- BOOTED --
2021-02-14 16:21:21-05:00 safe_reboot rebooting...
2021-02-14 16:22:01-05:00 coachproxy_watchdog can0 is DOWN. Attempting to restart...
2021-02-14 16:22:01-05:00 re-ip updating IP address in habridge.config with 192.168.8.208
2021-02-14 16:22:06-05:00 coachproxy_watchdog can0 interface is now up.
2021-02-14 16:22:06-05:00 coachproxy_watchdog rvc2mqtt.pl is down. Starting it...
2021-02-14 16:22:06-05:00 coachproxy_watchdog wifi_mqtt.pl is down. Starting it...
2021-02-14 16:22:07-05:00 re-ip restarted habridge.service
2021-02-14 16:23:50-05:00 rc.local.coachproxy -- BOOTED --
2021-02-14 16:32:28-05:00 safe_reboot rebooting...
2021-02-14 16:33:01-05:00 coachproxy_watchdog can0 is DOWN. Attempting to restart...
2021-02-14 16:33:06-05:00 coachproxy_watchdog can0 interface is now up.
2021-02-14 16:33:06-05:00 coachproxy_watchdog rvc2mqtt.pl is down. Starting it...
2021-02-14 16:33:06-05:00 coachproxy_watchdog wifi_mqtt.pl is down. Starting it...
2021-02-14 16:34:57-05:00 rc.local.coachproxy -- BOOTED --
2021-02-14 17:27:38-05:00 safe_reboot rebooting...
2021-02-14 17:29:01-05:00 coachproxy_watchdog can0 is DOWN. Attempting to restart...
2021-02-14 17:29:06-05:00 coachproxy_watchdog can0 interface is now up.
2021-02-14 17:29:06-05:00 coachproxy_watchdog rvc2mqtt.pl is down. Starting it...
2021-02-14 17:29:06-05:00 coachproxy_watchdog wifi_mqtt.pl is down. Starting it...
2021-02-14 17:30:07-05:00 rc.local.coachproxy -- BOOTED --
2021-02-14 18:03:55-05:00 safe_reboot rebooting...
2021-02-14 18:05:01-05:00 coachproxy_watchdog can0 is DOWN. Attempting to restart...
2021-02-14 18:05:06-05:00 coachproxy_watchdog can0 interface is now up.
2021-02-14 18:05:06-05:00 coachproxy_watchdog rvc2mqtt.pl is down. Starting it...
2021-02-14 18:05:07-05:00 coachproxy_watchdog wifi_mqtt.pl is down. Starting it...
2021-02-14 18:06:16-05:00 rc.local.coachproxy -- BOOTED --
2021-02-15 18:56:21-05:00 safe_reboot rebooting...
2021-02-15 18:57:01-05:00 coachproxy_watchdog can0 is DOWN. Attempting to restart...
2021-02-15 18:57:06-05:00 coachproxy_watchdog can0 interface is now up.
2021-02-15 18:57:06-05:00 coachproxy_watchdog rvc2mqtt.pl is down. Starting it...
2021-02-15 18:57:06-05:00 coachproxy_watchdog wifi_mqtt.pl is down. Starting it...
2021-02-15 18:59:17-05:00 rc.local.coachproxy -- BOOTED --
2021-02-15 19:44:20-05:00 safe_shutdown shutting down.
2021-02-15 19:45:01-05:00 coachproxy_watchdog can0 is DOWN. Attempting to restart...
2021-02-15 19:45:06-05:00 coachproxy_watchdog can0 interface is now up.
2021-02-15 19:45:06-05:00 coachproxy_watchdog rvc2mqtt.pl is down. Starting it...
2021-02-15 19:45:06-05:00 coachproxy_watchdog wifi_mqtt.pl is down. Starting it...
2021-02-16 11:17:15-05:00 rc.local.coachproxy -- BOOTED --
2021-02-16 16:18:01-05:00 coachproxy_watchdog can0 is DOWN. Attempting to restart...
2021-02-16 16:18:07-05:00 coachproxy_watchdog can0 interface is now up.
2021-02-16 16:18:07-05:00 coachproxy_watchdog rvc2mqtt.pl is down. Starting it...
2021-02-16 16:18:07-05:00 coachproxy_watchdog wifi_mqtt.pl is down. Starting it...
2021-02-16 16:52:44-05:00 rc.local.coachproxy -- BOOTED --
2021-02-16 18:47:01-05:00 coachproxy_watchdog can0 is DOWN. Attempting to restart...
2021-02-16 18:47:06-05:00 coachproxy_watchdog can0 interface is now up.
2021-02-16 18:47:06-05:00 coachproxy_watchdog rvc2mqtt.pl is down. Starting it...
2021-02-16 18:47:06-05:00 coachproxy_watchdog wifi_mqtt.pl is down. Starting it...
2021-02-16 18:48:24-05:00 rc.local.coachproxy -- BOOTED --
2021-02-16 19:59:50-05:00 safe_reboot rebooting...
2021-02-16 20:01:01-05:00 coachproxy_watchdog can0 is DOWN. Attempting to restart...
2021-02-16 20:01:06-05:00 coachproxy_watchdog can0 interface is now up.
2021-02-16 20:01:07-05:00 coachproxy_watchdog rvc2mqtt.pl is down. Starting it...
2021-02-16 20:01:07-05:00 coachproxy_watchdog wifi_mqtt.pl is down. Starting it...
2021-02-16 20:02:19-05:00 rc.local.coachproxy -- BOOTED --
2021-02-16 20:08:16-05:00 safe_reboot rebooting...
2021-02-16 20:09:01-05:00 coachproxy_watchdog can0 is DOWN. Attempting to restart...
2021-02-16 20:09:06-05:00 coachproxy_watchdog can0 interface is now up.
2021-02-16 20:09:06-05:00 coachproxy_watchdog rvc2mqtt.pl is down. Starting it...
2021-02-16 20:09:06-05:00 coachproxy_watchdog wifi_mqtt.pl is down. Starting it...
2021-02-16 20:10:57-05:00 rc.local.coachproxy -- BOOTED --
2021-02-16 20:18:47-05:00 safe_reboot rebooting...
2021-02-16 20:20:01-05:00 coachproxy_watchdog can0 is DOWN. Attempting to restart...
2021-02-16 20:20:06-05:00 coachproxy_watchdog can0 interface is now up.
2021-02-16 20:20:06-05:00 coachproxy_watchdog rvc2mqtt.pl is down. Starting it...
2021-02-16 20:20:06-05:00 coachproxy_watchdog wifi_mqtt.pl is down. Starting it...
2021-02-16 20:21:15-05:00 rc.local.coachproxy -- BOOTED --
2021-02-17 12:49:08-05:00 safe_reboot rebooting...
2021-02-17 12:50:01-05:00 coachproxy_watchdog can0 is DOWN. Attempting to restart...
2021-02-17 12:50:06-05:00 coachproxy_watchdog can0 interface is now up.
2021-02-17 12:50:07-05:00 coachproxy_watchdog rvc2mqtt.pl is down. Starting it...
2021-02-17 12:50:07-05:00 coachproxy_watchdog wifi_mqtt.pl is down. Starting it...
2021-02-17 12:52:05-05:00 rc.local.coachproxy -- BOOTED --
2021-02-17 12:58:01-05:00 safe_reboot rebooting...
2021-02-17 12:59:01-05:00 coachproxy_watchdog can0 is DOWN. Attempting to restart...
2021-02-17 12:59:06-05:00 coachproxy_watchdog can0 interface is now up.
2021-02-17 12:59:06-05:00 coachproxy_watchdog rvc2mqtt.pl is down. Starting it...
2021-02-17 12:59:06-05:00 coachproxy_watchdog wifi_mqtt.pl is down. Starting it...
2021-02-17 13:00:22-05:00 rc.local.coachproxy -- BOOTED --
2021-02-17 13:02:57-05:00 safe_reboot rebooting...
2021-02-17 13:04:01-05:00 coachproxy_watchdog can0 is DOWN. Attempting to restart...
2021-02-17 13:04:06-05:00 coachproxy_watchdog can0 interface is now up.
2021-02-17 13:04:06-05:00 coachproxy_watchdog rvc2mqtt.pl is down. Starting it...
2021-02-17 13:04:06-05:00 coachproxy_watchdog wifi_mqtt.pl is down. Starting it...
2021-02-17 13:05:16-05:00 rc.local.coachproxy -- BOOTED --
2021-02-17 13:18:02-05:00 coachproxy_watchdog can0 is DOWN. Attempting to restart...
2021-02-17 13:18:07-05:00 coachproxy_watchdog can0 interface is now up.
2021-02-17 13:18:07-05:00 coachproxy_watchdog rvc2mqtt.pl is down. Starting it...
2021-02-17 13:18:07-05:00 coachproxy_watchdog wifi_mqtt.pl is down. Starting it...
2021-02-17 13:54:45-05:00 rc.local.coachproxy -- BOOTED --
2021-02-17 13:18:01-05:00 coachproxy_watchdog can0 is DOWN. Attempting to restart...
2021-02-17 13:18:07-05:00 coachproxy_watchdog can0 interface is now up.
2021-02-17 13:18:07-05:00 coachproxy_watchdog rvc2mqtt.pl is down. Starting it...
2021-02-17 13:18:07-05:00 coachproxy_watchdog wifi_mqtt.pl is down. Starting it...
2021-02-17 14:15:14-05:00 rc.local.coachproxy -- BOOTED --
2021-02-17 14:18:02-05:00 coachproxy_watchdog can0 is DOWN. Attempting to restart...
2021-02-17 14:18:07-05:00 coachproxy_watchdog can0 interface is now up.
2021-02-17 14:18:07-05:00 coachproxy_watchdog rvc2mqtt.pl is down. Starting it...
2021-02-17 14:18:07-05:00 coachproxy_watchdog wifi_mqtt.pl is down. Starting it...
2022-08-16 16:31:37-04:00 rc.local.coachproxy -- BOOTED --
2022-08-16 16:32:01-04:00 coachproxy_watchdog can0 is DOWN. Attempting to restart...
2022-08-16 16:32:02-04:00 re-ip updating IP address in habridge.config with 192.168.224.208
2022-08-16 16:32:03-04:00 re-ip restarted habridge.service
2022-08-16 16:32:07-04:00 coachproxy_watchdog can0 interface is now up.
2022-08-16 16:32:07-04:00 coachproxy_watchdog rvc2mqtt.pl is down. Starting it...
2022-08-16 16:32:07-04:00 coachproxy_watchdog wifi_mqtt.pl is down. Starting it...
2022-08-16 16:33:59-04:00 rc.local.coachproxy -- BOOTED --
2022-08-16 17:19:01-04:00 coachproxy_watchdog can0 is DOWN. Attempting to restart...
2022-08-16 17:19:06-04:00 coachproxy_watchdog can0 interface is now up.
2022-08-16 17:19:06-04:00 coachproxy_watchdog rvc2mqtt.pl is down. Starting it...
2022-08-16 17:19:06-04:00 coachproxy_watchdog wifi_mqtt.pl is down. Starting it...
2022-08-16 17:20:16-04:00 rc.local.coachproxy -- BOOTED --
2022-08-17 11:10:01-04:00 coachproxy_watchdog can0 is DOWN. Attempting to restart...
2022-08-17 11:10:06-04:00 coachproxy_watchdog can0 interface is now up.
2022-08-17 11:10:06-04:00 coachproxy_watchdog rvc2mqtt.pl is down. Starting it...
2022-08-17 11:10:07-04:00 coachproxy_watchdog wifi_mqtt.pl is down. Starting it...
2022-08-17 11:12:02-04:00 rc.local.coachproxy -- BOOTED --
2022-08-17 13:38:01-04:00 coachproxy_watchdog can0 is DOWN. Attempting to restart...
2022-08-17 13:38:06-04:00 coachproxy_watchdog can0 interface is now up.
2022-08-17 13:38:06-04:00 coachproxy_watchdog rvc2mqtt.pl is down. Starting it...
2022-08-17 13:38:06-04:00 coachproxy_watchdog wifi_mqtt.pl is down. Starting it...
2022-08-17 14:57:29-04:00 rc.local.coachproxy -- BOOTED --
2022-08-17 16:53:01-04:00 coachproxy_watchdog can0 is DOWN. Attempting to restart...
2022-08-17 16:53:06-04:00 coachproxy_watchdog can0 interface is now up.
2022-08-17 16:53:06-04:00 coachproxy_watchdog rvc2mqtt.pl is down. Starting it...
2022-08-17 16:53:06-04:00 coachproxy_watchdog wifi_mqtt.pl is down. Starting it...
2022-08-17 16:54:38-04:00 rc.local.coachproxy -- BOOTED --
2022-08-17 18:16:01-04:00 coachproxy_watchdog can0 is DOWN. Attempting to restart...
2022-08-17 18:16:06-04:00 coachproxy_watchdog can0 interface is now up.
2022-08-17 18:16:07-04:00 coachproxy_watchdog rvc2mqtt.pl is down. Starting it...
2022-08-17 18:16:07-04:00 coachproxy_watchdog wifi_mqtt.pl is down. Starting it...
2022-08-17 18:17:49-04:00 rc.local.coachproxy -- BOOTED --
2022-08-17 19:16:02-04:00 coachproxy_watchdog can0 is DOWN. Attempting to restart...
2022-08-17 19:16:07-04:00 coachproxy_watchdog can0 interface is now up.
2022-08-17 19:16:07-04:00 coachproxy_watchdog rvc2mqtt.pl is down. Starting it...
2022-08-17 19:16:07-04:00 coachproxy_watchdog wifi_mqtt.pl is down. Starting it...
2022-08-17 19:17:39-04:00 rc.local.coachproxy -- BOOTED --
2022-08-17 19:47:01-04:00 coachproxy_watchdog can0 is DOWN. Attempting to restart...
2022-08-17 19:47:06-04:00 coachproxy_watchdog can0 interface is now up.
2022-08-17 19:47:06-04:00 coachproxy_watchdog rvc2mqtt.pl is down. Starting it...
2022-08-17 19:47:06-04:00 coachproxy_watchdog wifi_mqtt.pl is down. Starting it...
2022-08-17 19:48:28-04:00 rc.local.coachproxy -- BOOTED --
2022-08-18 00:18:01-04:00 coachproxy_watchdog can0 is DOWN. Attempting to restart...
2022-08-18 00:18:06-04:00 coachproxy_watchdog can0 interface is now up.
2022-08-18 00:18:06-04:00 coachproxy_watchdog rvc2mqtt.pl is down. Starting it...
2022-08-18 00:18:07-04:00 coachproxy_watchdog wifi_mqtt.pl is down. Starting it...
2022-08-18 16:50:31-04:00 rc.local.coachproxy -- BOOTED --
2022-08-18 16:51:01-04:00 coachproxy_watchdog can0 is DOWN. Attempting to restart...
2022-08-18 16:51:07-04:00 coachproxy_watchdog can0 interface is now up.
2022-08-18 16:51:07-04:00 coachproxy_watchdog rvc2mqtt.pl is down. Starting it...
2022-08-18 16:51:07-04:00 coachproxy_watchdog wifi_mqtt.pl is down. Starting it...
2022-08-18 16:53:01-04:00 rc.local.coachproxy -- BOOTED --
2022-08-18 16:52:01-04:00 coachproxy_watchdog can0 is DOWN. Attempting to restart...
2022-08-18 16:52:06-04:00 coachproxy_watchdog can0 interface is now up.
2022-08-18 16:52:06-04:00 coachproxy_watchdog rvc2mqtt.pl is down. Starting it...
2022-08-18 16:52:06-04:00 coachproxy_watchdog wifi_mqtt.pl is down. Starting it...
2022-08-18 18:07:18-04:00 rc.local.coachproxy -- BOOTED --
2022-08-18 18:08:01-04:00 coachproxy_watchdog can0 is DOWN. Attempting to restart...
2022-08-18 18:08:06-04:00 coachproxy_watchdog can0 interface is now up.
2022-08-18 18:08:07-04:00 coachproxy_watchdog rvc2mqtt.pl is down. Starting it...
2022-08-18 18:08:07-04:00 coachproxy_watchdog wifi_mqtt.pl is down. Starting it...
2022-08-18 18:09:47-04:00 rc.local.coachproxy -- BOOTED --
2022-08-18 18:10:44-04:00 safe_reboot rebooting...
2022-08-18 18:13:01-04:00 coachproxy_watchdog can0 is DOWN. Attempting to restart...
2022-08-18 18:13:06-04:00 coachproxy_watchdog can0 interface is now up.
2022-08-18 18:13:06-04:00 coachproxy_watchdog rvc2mqtt.pl is down. Starting it...
2022-08-18 18:13:07-04:00 coachproxy_watchdog wifi_mqtt.pl is down. Starting it...
2022-08-18 18:14:17-04:00 rc.local.coachproxy -- BOOTED --
2022-08-18 22:52:01-04:00 coachproxy_watchdog can0 is DOWN. Attempting to restart...
2022-08-18 22:52:07-04:00 coachproxy_watchdog can0 interface is now up.
2022-08-18 22:52:07-04:00 coachproxy_watchdog rvc2mqtt.pl is down. Starting it...
2022-08-18 22:52:07-04:00 coachproxy_watchdog wifi_mqtt.pl is down. Starting it...
2022-08-18 23:15:09-04:00 rc.local.coachproxy -- BOOTED --
2022-08-18 23:20:01-04:00 coachproxy_watchdog can0 is DOWN. Attempting to restart...
2022-08-18 23:20:06-04:00 coachproxy_watchdog can0 interface is now up.
2022-08-18 23:20:06-04:00 coachproxy_watchdog rvc2mqtt.pl is down. Starting it...
2022-08-18 23:20:06-04:00 coachproxy_watchdog wifi_mqtt.pl is down. Starting it...
2022-08-19 00:05:47-04:00 rc.local.coachproxy -- BOOTED --
2022-08-19 00:34:01-04:00 coachproxy_watchdog can0 is DOWN. Attempting to restart...
2022-08-19 00:34:06-04:00 coachproxy_watchdog can0 interface is now up.
2022-08-19 00:34:07-04:00 coachproxy_watchdog rvc2mqtt.pl is down. Starting it...
2022-08-19 00:34:07-04:00 coachproxy_watchdog wifi_mqtt.pl is down. Starting it...
2022-08-19 00:35:19-04:00 rc.local.coachproxy -- BOOTED --
2022-08-19 00:47:01-04:00 coachproxy_watchdog can0 is DOWN. Attempting to restart...
2022-08-19 00:47:07-04:00 coachproxy_watchdog can0 interface is now up.
2022-08-19 00:47:07-04:00 coachproxy_watchdog rvc2mqtt.pl is down. Starting it...
2022-08-19 00:47:07-04:00 coachproxy_watchdog wifi_mqtt.pl is down. Starting it...
2022-08-19 00:49:04-04:00 rc.local.coachproxy -- BOOTED --
2022-08-19 01:26:01-04:00 coachproxy_watchdog can0 is DOWN. Attempting to restart...
2022-08-19 01:26:06-04:00 coachproxy_watchdog can0 interface is now up.
2022-08-19 01:26:06-04:00 coachproxy_watchdog rvc2mqtt.pl is down. Starting it...
2022-08-19 01:26:06-04:00 coachproxy_watchdog wifi_mqtt.pl is down. Starting it...
2022-08-19 01:27:10-04:00 rc.local.coachproxy -- BOOTED --
2024-05-27 15:26:41-07:00 coachproxy_watchdog can0 is DOWN. Attempting to restart...
2024-05-27 15:26:41-07:00 re-ip updating IP address in habridge.config with 192.168.50.187
2024-05-27 15:26:43-07:00 re-ip restarted habridge.service
2024-05-27 15:26:47-07:00 coachproxy_watchdog can0 interface is now up.
2024-05-27 15:26:47-07:00 coachproxy_watchdog rvc2mqtt.pl is down. Starting it...
2024-05-27 15:26:47-07:00 coachproxy_watchdog wifi_mqtt.pl is down. Starting it...
2024-05-27 15:27:54-07:00 rc.local.coachproxy -- BOOTED --
2024-05-27 15:29:12-07:00 coachproxy_watchdog can0 is DOWN. Attempting to restart...
2024-05-27 15:29:18-07:00 coachproxy_watchdog can0 interface is now up.
2024-05-27 15:29:18-07:00 coachproxy_watchdog rvc2mqtt.pl is down. Starting it...
2024-05-27 15:29:18-07:00 coachproxy_watchdog wifi_mqtt.pl is down. Starting it...
2024-05-27 15:30:24-07:00 rc.local.coachproxy -- BOOTED --
2024-05-27 16:09:03-07:00 safe_shutdown shutting down.
2024-05-27 16:11:24-07:00 coachproxy_watchdog can0 is DOWN. Attempting to restart...
2024-05-27 16:11:24-07:00 coachproxy_watchdog can0 is DOWN. Attempting to restart...
2024-05-27 16:11:29-07:00 coachproxy_watchdog can0 interface is now up.
2024-05-27 16:11:29-07:00 coachproxy_watchdog can0 interface is now up.
2024-05-27 16:11:29-07:00 coachproxy_watchdog rvc2mqtt.pl is down. Starting it...
2024-05-27 16:11:29-07:00 coachproxy_watchdog rvc2mqtt.pl is down. Starting it...
2024-05-27 16:11:29-07:00 coachproxy_watchdog wifi_mqtt.pl is down. Starting it...
2024-05-27 16:11:29-07:00 coachproxy_watchdog wifi_mqtt.pl is down. Starting it...
2024-05-27 16:12:35-07:00 rc.local.coachproxy -- BOOTED --
2024-05-27 19:15:21-07:00 safe_reboot rebooting...
2024-05-27 19:16:14-07:00 coachproxy_watchdog can0 is DOWN. Attempting to restart...
2024-05-27 19:16:19-07:00 coachproxy_watchdog can0 interface is now up.
2024-05-27 19:16:20-07:00 coachproxy_watchdog rvc2mqtt.pl is down. Starting it...
2024-05-27 19:16:20-07:00 coachproxy_watchdog wifi_mqtt.pl is down. Starting it...
2024-05-27 19:17:44-07:00 rc.local.coachproxy -- BOOTED --
2024-05-28 20:31:23-07:00 safe_shutdown shutting down.
2024-05-28 20:32:01-07:00 coachproxy_watchdog can0 is DOWN. Attempting to restart...
2024-05-28 20:32:06-07:00 coachproxy_watchdog can0 interface is now up.
2024-05-28 20:32:06-07:00 coachproxy_watchdog rvc2mqtt.pl is down. Starting it...
2024-05-28 20:32:06-07:00 coachproxy_watchdog wifi_mqtt.pl is down. Starting it...
2024-05-28 20:33:33-07:00 rc.local.coachproxy -- BOOTED --
2024-05-28 20:52:48-07:00 safe_reboot rebooting...
2024-05-28 20:54:14-07:00 coachproxy_watchdog can0 is DOWN. Attempting to restart...
2024-05-28 20:54:19-07:00 coachproxy_watchdog can0 interface is now up.
2024-05-28 20:54:19-07:00 coachproxy_watchdog rvc2mqtt.pl is down. Starting it...
2024-05-28 20:54:19-07:00 coachproxy_watchdog wifi_mqtt.pl is down. Starting it...
2024-05-28 20:55:11-07:00 rc.local.coachproxy -- BOOTED --
2024-05-29 10:00:52-07:00 safe_reboot rebooting...
2024-05-29 10:02:14-07:00 coachproxy_watchdog can0 is DOWN. Attempting to restart...
2024-05-29 10:02:20-07:00 coachproxy_watchdog can0 interface is now up.
2024-05-29 10:02:20-07:00 coachproxy_watchdog rvc2mqtt.pl is down. Starting it...
2024-05-29 10:02:20-07:00 coachproxy_watchdog wifi_mqtt.pl is down. Starting it...
2024-05-29 10:03:23-07:00 rc.local.coachproxy -- BOOTED --
2024-05-29 15:49:48-07:00 safe_shutdown shutting down.
2024-05-29 15:51:01-07:00 coachproxy_watchdog can0 is DOWN. Attempting to restart...
2024-05-29 15:51:07-07:00 coachproxy_watchdog can0 interface is now up.
2024-05-29 15:51:07-07:00 coachproxy_watchdog rvc2mqtt.pl is down. Starting it...
2024-05-29 15:51:07-07:00 coachproxy_watchdog wifi_mqtt.pl is down. Starting it...
2024-05-29 15:52:07-07:00 rc.local.coachproxy -- BOOTED --
2024-05-30 07:47:44-07:00 safe_shutdown shutting down.
2024-05-30 07:48:02-07:00 coachproxy_watchdog can0 is DOWN. Attempting to restart...
2024-05-30 07:48:08-07:00 coachproxy_watchdog can0 interface is now up.
2024-05-30 07:48:08-07:00 coachproxy_watchdog rvc2mqtt.pl is down. Starting it...
2024-05-30 07:48:08-07:00 coachproxy_watchdog wifi_mqtt.pl is down. Starting it...
2024-05-30 07:49:56-07:00 rc.local.coachproxy -- BOOTED --
2024-05-30 17:22:13-07:00 safe_shutdown shutting down.
2024-05-30 17:23:02-07:00 coachproxy_watchdog can0 is DOWN. Attempting to restart...
2024-05-30 17:23:07-07:00 coachproxy_watchdog can0 interface is now up.
2024-05-30 17:23:07-07:00 coachproxy_watchdog rvc2mqtt.pl is down. Starting it...
2024-05-30 17:23:07-07:00 coachproxy_watchdog wifi_mqtt.pl is down. Starting it...
2024-05-30 18:33:55-07:00 rc.local.coachproxy -- BOOTED --
2024-05-31 09:12:45-07:00 safe_reboot rebooting...
2024-05-31 09:13:02-07:00 coachproxy_watchdog can0 is DOWN. Attempting to restart...
2024-05-31 09:13:07-07:00 coachproxy_watchdog can0 interface is now up.
2024-05-31 09:13:08-07:00 coachproxy_watchdog rvc2mqtt.pl is down. Starting it...
2024-05-31 09:13:08-07:00 coachproxy_watchdog wifi_mqtt.pl is down. Starting it...
2024-05-31 09:15:06-07:00 rc.local.coachproxy -- BOOTED --
2024-06-01 18:40:12-07:00 coachproxy_watchdog can0 is DOWN. Attempting to restart...
2024-06-01 18:40:17-07:00 coachproxy_watchdog can0 interface is now up.
2024-06-01 18:40:17-07:00 coachproxy_watchdog rvc2mqtt.pl is down. Starting it...
2024-06-01 18:40:17-07:00 coachproxy_watchdog wifi_mqtt.pl is down. Starting it...
2024-06-01 18:41:49-07:00 rc.local.coachproxy -- BOOTED --
2024-06-01 18:56:13-07:00 coachproxy_watchdog can0 is DOWN. Attempting to restart...
2024-06-01 18:56:18-07:00 coachproxy_watchdog can0 interface is now up.
2024-06-01 18:56:18-07:00 coachproxy_watchdog rvc2mqtt.pl is down. Starting it...
2024-06-01 18:56:18-07:00 coachproxy_watchdog wifi_mqtt.pl is down. Starting it...
2024-06-01 18:57:29-07:00 rc.local.coachproxy -- BOOTED --
2024-06-01 19:09:27-07:00 safe_reboot rebooting...
2024-06-01 19:10:12-07:00 coachproxy_watchdog can0 is DOWN. Attempting to restart...
2024-06-01 19:10:18-07:00 coachproxy_watchdog can0 interface is now up.
2024-06-01 19:10:18-07:00 coachproxy_watchdog rvc2mqtt.pl is down. Starting it...
2024-06-01 19:10:18-07:00 coachproxy_watchdog wifi_mqtt.pl is down. Starting it...
2024-06-01 19:11:56-07:00 rc.local.coachproxy -- BOOTED --
2024-06-01 19:21:14-07:00 safe_reboot rebooting...
2024-06-01 19:22:13-07:00 coachproxy_watchdog can0 is DOWN. Attempting to restart...
2024-06-01 19:22:18-07:00 coachproxy_watchdog can0 interface is now up.
2024-06-01 19:22:18-07:00 coachproxy_watchdog rvc2mqtt.pl is down. Starting it...
2024-06-01 19:22:18-07:00 coachproxy_watchdog wifi_mqtt.pl is down. Starting it...
2024-06-01 19:23:43-07:00 rc.local.coachproxy -- BOOTED --
