** Message: 20:53:11.837: environement.vala:58: Exporting primary_variable
** Message: 20:53:11.837: environement.vala:59: desktop_environnement XDG_CURRENT_DESKTOP
** Message: 20:53:11.837: environement.vala:150: confir_dirs is null, export : /etc/xdg
** Message: 20:53:11.837: environement.vala:184: Exporting XDG_CONFIG_DIRS
** Message: 20:53:11.837: environement.vala:218: custom_data :
** Message: 20:53:11.837: environement.vala:219: data_dirs :/usr/local/share:/usr/share/raspi-ui-overrides:/usr/share:/usr/share/gdm:/var/lib/menu-xdg
** Message: 20:53:11.837: environement.vala:220: data_dirs not null, export : /usr/local/share:/usr/share/raspi-ui-overrides:/usr/share:/usr/share/gdm:/var/lib/menu-xdg
** Message: 20:53:11.837: environement.vala:225: Exporting XDG_DATA_DIRS
** Message: 20:53:11.861: utils.vala:127: User config used : /coachproxy/home/pi/.config/lxsession/LXDE-pi/desktop.conf
** Message: 20:53:11.861: utils.vala:148: Final file used : /coachproxy/home/pi/.config/lxsession/LXDE-pi/desktop.conf
** Message: 20:53:11.861: utils.vala:39: Config system location : /etc/xdg/lxsession/LXDE-pi
** Message: 20:53:11.864: utils.vala:45: System system path location : /etc/xdg/lxsession/LXDE-pi/desktop.conf
** Message: 20:53:11.871: settings.vala:540: Key file does not have key “iGtk/ColorScheme” in group “GTK”
** Message: 20:53:11.872: settings.vala:540: Key file does not have key “windows_manager/command” in group “Session”
** Message: 20:53:11.872: settings.vala:540: Key file does not have key “panel/command” in group “Session”
** Message: 20:53:11.872: settings.vala:540: Key file does not have key “dock/command” in group “Session”
** Message: 20:53:11.872: settings.vala:540: Key file does not have key “file_manager/command” in group “Session”
** Message: 20:53:11.872: settings.vala:540: Key file does not have key “desktop_manager/command” in group “Session”
** Message: 20:53:11.872: settings.vala:540: Key file does not have key “launcher_manager/autostart” in group “Session”
** Message: 20:53:11.872: settings.vala:540: Key file does not have key “composite_manager/command” in group “Session”
** Message: 20:53:11.872: settings.vala:540: Key file does not have key “im1/command” in group “Session”
** Message: 20:53:11.872: settings.vala:540: Key file does not have key “im2/command” in group “Session”
** Message: 20:53:11.872: settings.vala:540: Key file does not have key “widget1/command” in group “Session”
** Message: 20:53:11.872: settings.vala:540: Key file does not have key “notification/command” in group “Session”
** Message: 20:53:11.873: settings.vala:540: Key file does not have key “keybindings/command” in group “Session”
** Message: 20:53:11.873: settings.vala:540: Key file does not have key “im_manager/command” in group “Session”
** Message: 20:53:11.874: settings.vala:540: Key file does not have key “screensaver/command” in group “Session”
** Message: 20:53:11.874: settings.vala:540: Key file does not have key “power_manager/command” in group “Session”
** Message: 20:53:11.874: settings.vala:540: Key file does not have key “audio_manager/command” in group “Session”
** Message: 20:53:11.874: settings.vala:540: Key file does not have key “workspace_manager/command” in group “Session”
** Message: 20:53:11.874: settings.vala:540: Key file does not have key “screenshot_manager/command” in group “Session”
** Message: 20:53:11.874: settings.vala:540: Key file does not have key “message_manager/command” in group “Session”
** Message: 20:53:11.874: settings.vala:540: Key file does not have key “upgrade_manager/command” in group “Session”
** Message: 20:53:11.874: settings.vala:540: Key file does not have key “updates_manager/command” in group “Session”
** Message: 20:53:11.875: settings.vala:540: Key file does not have key “updates_manager/timeout” in group “Session”
** Message: 20:53:11.875: settings.vala:540: Key file does not have key “crash_manager/command” in group “Session”
** Message: 20:53:11.875: settings.vala:540: Key file does not have key “crash_manager/dev_mode” in group “Session”
** Message: 20:53:11.875: settings.vala:540: Key file does not have key “crash_manager/timeout” in group “Session”
** Message: 20:53:11.875: settings.vala:540: Key file does not have key “upstart_user_session” in group “Session”
** Message: 20:53:11.875: settings.vala:540: Key file does not have key “proxy_manager/http” in group “Session”
** Message: 20:53:11.875: settings.vala:540: Key file does not have key “a11y/command” in group “Session”
** Message: 20:53:11.876: settings.vala:540: Key file does not have key “xrandr/command” in group “Session”
** Message: 20:53:11.876: settings.vala:540: Key file does not have key “network_gui/command” in group “Session”
** Message: 20:53:11.876: settings.vala:540: Key file does not have key “webbrowser/command” in group “Session”
** Message: 20:53:11.876: settings.vala:540: Key file does not have key “email/command” in group “Session”
** Message: 20:53:11.876: settings.vala:540: Key file does not have key “pdf_reader/command” in group “Session”
** Message: 20:53:11.876: settings.vala:540: Key file does not have key “video_player/command” in group “Session”
** Message: 20:53:11.876: settings.vala:540: Key file does not have key “audio_player/command” in group “Session”
** Message: 20:53:11.876: settings.vala:540: Key file does not have key “images_display/command” in group “Session”
** Message: 20:53:11.876: settings.vala:540: Key file does not have key “text_editor/command” in group “Session”
** Message: 20:53:11.876: settings.vala:540: Key file does not have key “archive/command” in group “Session”
** Message: 20:53:11.877: settings.vala:540: Key file does not have key “charmap/command” in group “Session”
** Message: 20:53:11.877: settings.vala:540: Key file does not have key “calculator/command” in group “Session”
** Message: 20:53:11.877: settings.vala:540: Key file does not have key “spreadsheet/command” in group “Session”
** Message: 20:53:11.877: settings.vala:540: Key file does not have key “bittorent/command” in group “Session”
** Message: 20:53:11.877: settings.vala:540: Key file does not have key “document/command” in group “Session”
** Message: 20:53:11.877: settings.vala:540: Key file does not have key “webcam/command” in group “Session”
** Message: 20:53:11.877: settings.vala:540: Key file does not have key “burn/command” in group “Session”
** Message: 20:53:11.877: settings.vala:540: Key file does not have key “notes/command” in group “Session”
** Message: 20:53:11.877: settings.vala:540: Key file does not have key “disk_utility/command” in group “Session”
** Message: 20:53:11.878: settings.vala:540: Key file does not have key “tasks/command” in group “Session”
** Message: 20:53:11.878: settings.vala:540: Key file does not have group “Keymap”
** Message: 20:53:11.878: settings.vala:540: Key file does not have key “laptop_mode” in group “State”
** Message: 20:53:11.878: settings.vala:540: Key file does not have key “gnome” in group “Dbus”
** Message: 20:53:11.878: settings.vala:540: Key file does not have key “type” in group “Environment”
** Message: 20:53:11.878: settings.vala:540: Key file does not have key “ubuntu_menuproxy” in group “Environment”
** Message: 20:53:11.878: settings.vala:540: Key file does not have key “toolkit_integration” in group “Environment”
** Message: 20:53:11.879: settings.vala:540: Key file does not have key “gtk/overlay_scrollbar_disable” in group “Environment”
** Message: 20:53:11.879: settings.vala:540: Key file does not have key “qt/force_theme” in group “Environment”
** Message: 20:53:11.879: settings.vala:540: Key file does not have key “qt/platform” in group “Environment”
** Message: 20:53:11.880: settings.vala:462: Monitoring: /coachproxy/home/pi/.config/lxsession/LXDE-pi/desktop.conf
** Message: 20:53:11.880: settings.vala:466: Desktop file is already in config home, do nothing
** Message: 20:53:11.881: environement.vala:79: Exporting variable
** Message: 20:53:11.884: environement.vala:80: desktop_environnement XDG_CURRENT_DESKTOP
** Message: 20:53:11.884: environement.vala:177: custom_config :
** Message: 20:53:11.884: environement.vala:178: config_dirs :/etc/xdg
** Message: 20:53:11.884: environement.vala:179: confir_dirs not null, export : /etc/xdg
** Message: 20:53:11.884: environement.vala:184: Exporting XDG_CONFIG_DIRS
** Message: 20:53:11.884: environement.vala:218: custom_data :
** Message: 20:53:11.884: environement.vala:219: data_dirs :/usr/local/share:/usr/share/raspi-ui-overrides:/usr/share:/usr/share/gdm:/var/lib/menu-xdg
** Message: 20:53:11.884: environement.vala:220: data_dirs not null, export : /usr/local/share:/usr/share/raspi-ui-overrides:/usr/share:/usr/share/gdm:/var/lib/menu-xdg
** Message: 20:53:11.884: environement.vala:225: Exporting XDG_DATA_DIRS
** Message: 20:53:11.884: utils.vala:39: Config system location : /etc/xdg/lxsession/LXDE-pi
** Message: 20:53:11.884: utils.vala:45: System system path location : /etc/xdg/lxsession/LXDE-pi/desktop.conf
** Message: 20:53:11.885: environement.vala:254: No entry in [Environment_variable]. Key file does not have group “Environment_variable”
** Message: 20:53:11.899: utils.vala:138: Config system location : /etc/xdg/lxsession/LXDE-pi
** Message: 20:53:11.900: utils.vala:144: System system path location : /etc/xdg/lxsession/LXDE-pi/conffiles.conf
** Message: 20:53:11.900: utils.vala:148: Final file used : /etc/xdg/lxsession/LXDE-pi/conffiles.conf
** Message: 20:53:11.901: options.vala:164: Activate xsettings_manager build-in
** Message: 20:53:11.901: utils.vala:39: Config system location : /etc/xdg/lxsession/LXDE-pi
** Message: 20:53:11.901: utils.vala:45: System system path location : /etc/xdg/lxsession/LXDE-pi/desktop.conf
xprop:  no such property "_NET_NUMBER_OF_DESKTOPS"
xprop:  no such property "_NET_DESKTOP_NAMES"
** Message: 20:53:11.949: app.vala:721: polkit separate
** Message: 20:53:11.949: app.vala:721: polkit separate
** Message: 20:53:11.964: app.vala:76: Launching lxpolkit 
** Message: 20:53:11.964: utils.vala:138: Config system location : /etc/xdg/lxsession/LXDE-pi
** Message: 20:53:11.964: utils.vala:144: System system path location : /etc/xdg/lxsession/LXDE-pi/autostart
** Message: 20:53:11.964: utils.vala:148: Final file used : /etc/xdg/lxsession/LXDE-pi/autostart
** Message: 20:53:11.965: autostart.vala:42: Autostart path : /etc/xdg/lxsession/LXDE-pi/autostart
** Message: 20:53:11.978: app.vala:76: Launching lxpanel 
** Message: 20:53:11.998: app.vala:76: Launching pcmanfm 
** Message: 20:53:12.028: app.vala:76: Launching xscreensaver 
** Message: 20:53:12.057: options.vala:107: Create build-in Clipboard
** Message: 20:53:12.065: main.vala:441: Check keymap_mode (null)
** Message: 20:53:12.072: app.vala:76: Launching /usr/bin/ssh-agent 
SSH_AUTH_SOCK=/tmp/ssh-NmzCS2q0oUBQ/agent.655; export SSH_AUTH_SOCK;
SSH_AGENT_PID=657; export SSH_AGENT_PID;
echo Agent pid 657;
unable to find device pointer:Logitech USB Receiver Mouse
** Message: 20:53:12.504: app.vala:130: /usr/bin/ssh-agent exit with this type of exit: 0
Openbox-Message: Unable to find a valid menu file "/usr/share/lxde/openbox/menu.xml"
dbus-daemon[699]: Activating service name='org.a11y.atspi.Registry' requested by ':1.0' (uid=1000 pid=672 comm="light-locker ")
dbus-daemon[699]: Successfully activated service 'org.a11y.atspi.Registry'
SpiRegistry daemon is running with well-known name - org.a11y.atspi.Registry
** Message: 20:53:15.415: Connecting ...
** Message: 20:53:15.428: Status changed to down

** (lxpanel:649): WARNING **: 20:53:15.432: lxpanel: can't load volumealsabt plugin
Unit pt-device-manager.service could not be found.

** (lxpanel:649): WARNING **: 20:53:16.129: Battery 0 not found
** Message: 20:53:16.431: Status changed to opened
** Message: 20:53:16.432: Connected to dhcpcd-8.1.2
** Message: 20:53:16.435: Status changed to connected
** Message: 20:53:16.435: eth0: Link is down
** Message: 20:53:16.435: wlan0: Associated with WALTER_PEPWAVE
** Message: 20:53:16.435: wlan0: Configured 192.168.50.187/24
** Message: 20:53:16.440: wlan0: WPA status connected
** Message: 20:53:16.440: wlan0: Received scan results

** (lxpanel:649): WARNING **: 20:53:16.498: launchbar: application in desktop entry is not valid
** Message: 20:54:28.302: wlan0: Received scan results
** Message: 20:55:28.254: wlan0: Received scan results
** Message: 20:56:28.254: wlan0: Received scan results
** Message: 20:57:28.257: wlan0: Received scan results
** Message: 20:58:28.255: wlan0: Received scan results
** Message: 20:59:28.259: wlan0: Received scan results
** Message: 21:00:28.253: wlan0: Received scan results
** Message: 21:01:28.261: wlan0: Received scan results
** Message: 21:02:28.260: wlan0: Received scan results
** Message: 21:03:28.257: wlan0: Received scan results
** Message: 21:04:28.263: wlan0: Received scan results
** Message: 21:05:28.265: wlan0: Received scan results
** Message: 21:06:28.260: wlan0: Received scan results
** Message: 21:07:28.263: wlan0: Received scan results
** Message: 21:08:28.264: wlan0: Received scan results
** Message: 21:09:28.267: wlan0: Received scan results
** Message: 21:10:28.266: wlan0: Received scan results
** Message: 21:11:28.282: wlan0: Received scan results
** Message: 21:12:28.269: wlan0: Received scan results
** Message: 21:13:28.280: wlan0: Received scan results
** Message: 21:14:28.271: wlan0: Received scan results
** Message: 21:15:28.274: wlan0: Received scan results
** Message: 21:16:28.274: wlan0: Received scan results
** Message: 21:17:28.277: wlan0: Received scan results
** Message: 21:18:28.279: wlan0: Received scan results
** Message: 21:19:28.275: wlan0: Received scan results
** Message: 21:20:28.273: wlan0: Received scan results
** Message: 21:21:28.276: wlan0: Received scan results
** Message: 21:22:28.280: wlan0: Received scan results
** Message: 21:23:28.278: wlan0: Received scan results
** Message: 21:24:28.279: wlan0: Received scan results
** Message: 21:25:28.280: wlan0: Received scan results
** Message: 21:26:28.275: wlan0: Received scan results
** Message: 21:27:28.284: wlan0: Received scan results
** Message: 21:28:28.281: wlan0: Received scan results
** Message: 21:29:28.278: wlan0: Received scan results
** Message: 21:30:28.284: wlan0: Received scan results
** Message: 21:31:28.288: wlan0: Received scan results
** Message: 21:32:28.287: wlan0: Received scan results
** Message: 21:33:28.289: wlan0: Received scan results
** Message: 21:34:28.291: wlan0: Received scan results
** Message: 21:35:28.290: wlan0: Received scan results
** Message: 21:36:28.289: wlan0: Received scan results
** Message: 21:37:28.291: wlan0: Received scan results
** Message: 21:38:28.294: wlan0: Received scan results
** Message: 21:39:28.294: wlan0: Received scan results
** Message: 21:40:28.293: wlan0: Received scan results
** Message: 21:41:28.295: wlan0: Received scan results
** Message: 21:42:28.292: wlan0: Received scan results
** Message: 21:43:28.293: wlan0: Received scan results
** Message: 21:44:28.306: wlan0: Received scan results
** Message: 21:45:28.297: wlan0: Received scan results
** Message: 21:46:28.299: wlan0: Received scan results
** Message: 21:47:28.300: wlan0: Received scan results
** Message: 21:48:28.301: wlan0: Received scan results
** Message: 21:49:28.302: wlan0: Received scan results
** Message: 21:50:28.301: wlan0: Received scan results
** Message: 21:51:28.308: wlan0: Received scan results
** Message: 21:52:28.303: wlan0: Received scan results
** Message: 21:53:28.306: wlan0: Received scan results
** Message: 21:54:28.308: wlan0: Received scan results
** Message: 21:55:28.307: wlan0: Received scan results
** Message: 21:56:28.309: wlan0: Received scan results
** Message: 21:57:28.312: wlan0: Received scan results
** Message: 21:58:28.309: wlan0: Received scan results
** Message: 21:59:28.314: wlan0: Received scan results
** Message: 22:00:28.310: wlan0: Received scan results
** Message: 22:01:28.306: wlan0: Received scan results
** Message: 22:02:28.316: wlan0: Received scan results
** Message: 22:03:28.317: wlan0: Received scan results
** Message: 22:04:28.324: wlan0: Received scan results
** Message: 22:05:28.330: wlan0: Received scan results
** Message: 22:06:28.328: wlan0: Received scan results
** Message: 22:07:28.327: wlan0: Received scan results
** Message: 22:08:28.333: wlan0: Received scan results
** Message: 22:09:28.331: wlan0: Received scan results
** Message: 22:10:28.332: wlan0: Received scan results
** Message: 22:11:28.328: wlan0: Received scan results
** Message: 22:12:28.340: wlan0: Received scan results
** Message: 22:13:28.333: wlan0: Received scan results
** Message: 22:14:28.333: wlan0: Received scan results
** Message: 22:15:28.330: wlan0: Received scan results
** Message: 22:16:28.333: wlan0: Received scan results
** Message: 22:17:28.338: wlan0: Received scan results
** Message: 22:18:28.340: wlan0: Received scan results
** Message: 22:19:28.342: wlan0: Received scan results
** Message: 22:20:28.341: wlan0: Received scan results
** Message: 22:21:28.340: wlan0: Received scan results
** Message: 22:22:28.348: wlan0: Received scan results
** Message: 22:23:28.345: wlan0: Received scan results
** Message: 22:24:28.341: wlan0: Received scan results
** Message: 22:25:28.340: wlan0: Received scan results
** Message: 22:26:28.342: wlan0: Received scan results
** Message: 22:27:28.344: wlan0: Received scan results
** Message: 22:28:28.351: wlan0: Received scan results
** Message: 22:29:28.348: wlan0: Received scan results
** Message: 22:30:28.346: wlan0: Received scan results
** Message: 22:31:28.351: wlan0: Received scan results
** Message: 22:32:28.357: wlan0: Received scan results
** Message: 22:33:28.349: wlan0: Received scan results
** Message: 22:34:28.351: wlan0: Received scan results
** Message: 22:35:28.355: wlan0: Received scan results
** Message: 22:36:28.347: wlan0: Received scan results
** Message: 22:37:28.349: wlan0: Received scan results
** Message: 22:38:28.352: wlan0: Received scan results
** Message: 22:39:28.357: wlan0: Received scan results
** Message: 22:40:28.360: wlan0: Received scan results
** Message: 22:41:28.356: wlan0: Received scan results
** Message: 22:42:28.360: wlan0: Received scan results
** Message: 22:43:28.359: wlan0: Received scan results
** Message: 22:44:28.359: wlan0: Received scan results
** Message: 22:45:28.362: wlan0: Received scan results
** Message: 22:46:28.361: wlan0: Received scan results
** Message: 22:47:28.363: wlan0: Received scan results
** Message: 22:48:28.362: wlan0: Received scan results
** Message: 22:49:28.365: wlan0: Received scan results
** Message: 22:50:28.367: wlan0: Received scan results
** Message: 22:51:28.366: wlan0: Received scan results
** Message: 22:52:28.366: wlan0: Received scan results
** Message: 22:53:28.367: wlan0: Received scan results
** Message: 22:54:28.372: wlan0: Received scan results
** Message: 22:55:28.372: wlan0: Received scan results
** Message: 22:56:28.371: wlan0: Received scan results
** Message: 22:57:28.371: wlan0: Received scan results
** Message: 22:58:28.370: wlan0: Received scan results
** Message: 22:59:28.373: wlan0: Received scan results
** Message: 23:00:28.379: wlan0: Received scan results
** Message: 23:01:28.376: wlan0: Received scan results
** Message: 23:02:28.377: wlan0: Received scan results
** Message: 23:03:28.379: wlan0: Received scan results
** Message: 23:04:28.376: wlan0: Received scan results
** Message: 23:05:28.377: wlan0: Received scan results
** Message: 23:06:28.383: wlan0: Received scan results
** Message: 23:07:28.387: wlan0: Received scan results
** Message: 23:08:28.383: wlan0: Received scan results
** Message: 23:09:28.384: wlan0: Received scan results
** Message: 23:10:28.379: wlan0: Received scan results
** Message: 23:11:28.383: wlan0: Received scan results
** Message: 23:12:28.391: wlan0: Received scan results
** Message: 23:13:28.382: wlan0: Received scan results
** Message: 23:14:28.390: wlan0: Received scan results
** Message: 23:15:28.386: wlan0: Received scan results
** Message: 23:16:28.389: wlan0: Received scan results
** Message: 23:17:28.389: wlan0: Received scan results
** Message: 23:18:28.389: wlan0: Received scan results
** Message: 23:19:28.386: wlan0: Received scan results
** Message: 23:20:28.391: wlan0: Received scan results
** Message: 23:21:28.395: wlan0: Received scan results
** Message: 23:22:28.398: wlan0: Received scan results
** Message: 23:23:28.399: wlan0: Received scan results
** Message: 23:24:28.396: wlan0: Received scan results
** Message: 23:25:28.397: wlan0: Received scan results
** Message: 23:26:28.397: wlan0: Received scan results
** Message: 23:27:28.393: wlan0: Received scan results
** Message: 23:28:28.407: wlan0: Received scan results
** Message: 23:29:28.403: wlan0: Received scan results
** Message: 23:30:28.405: wlan0: Received scan results
** Message: 23:31:28.398: wlan0: Received scan results
** Message: 23:32:28.407: wlan0: Received scan results
** Message: 23:33:28.401: wlan0: Received scan results
** Message: 23:34:28.410: wlan0: Received scan results
** Message: 23:35:28.412: wlan0: Received scan results
** Message: 23:36:28.411: wlan0: Received scan results
** Message: 23:37:28.413: wlan0: Received scan results
** Message: 23:38:28.411: wlan0: Received scan results
** Message: 23:39:28.414: wlan0: Received scan results
** Message: 23:40:28.412: wlan0: Received scan results
** Message: 23:41:28.409: wlan0: Received scan results
** Message: 23:42:28.417: wlan0: Received scan results
** Message: 23:43:28.418: wlan0: Received scan results
** Message: 23:44:28.421: wlan0: Received scan results
** Message: 23:45:28.418: wlan0: Received scan results
** Message: 23:46:28.419: wlan0: Received scan results
** Message: 23:47:28.418: wlan0: Received scan results
** Message: 23:48:28.418: wlan0: Received scan results
** Message: 23:49:28.418: wlan0: Received scan results
** Message: 23:50:28.421: wlan0: Received scan results
** Message: 23:51:28.421: wlan0: Received scan results
** Message: 23:52:28.430: wlan0: Received scan results
** Message: 23:53:28.422: wlan0: Received scan results
** Message: 23:54:28.425: wlan0: Received scan results
** Message: 23:55:28.429: wlan0: Received scan results
** Message: 23:56:28.426: wlan0: Received scan results
** Message: 23:57:28.433: wlan0: Received scan results
** Message: 23:58:28.436: wlan0: Received scan results
** Message: 23:59:28.426: wlan0: Received scan results
** Message: 00:00:28.437: wlan0: Received scan results
** Message: 00:01:28.433: wlan0: Received scan results
** Message: 00:02:28.432: wlan0: Received scan results
** Message: 00:03:28.436: wlan0: Received scan results
** Message: 00:04:28.432: wlan0: Received scan results
** Message: 00:05:28.434: wlan0: Received scan results
** Message: 00:06:28.435: wlan0: Received scan results
** Message: 00:07:28.438: wlan0: Received scan results
** Message: 00:08:28.439: wlan0: Received scan results
** Message: 00:09:28.438: wlan0: Received scan results
** Message: 00:10:28.446: wlan0: Received scan results
** Message: 00:11:28.439: wlan0: Received scan results
** Message: 00:12:28.441: wlan0: Received scan results
** Message: 00:13:28.445: wlan0: Received scan results
** Message: 00:14:28.443: wlan0: Received scan results
** Message: 00:15:28.442: wlan0: Received scan results
** Message: 00:16:28.446: wlan0: Received scan results
** Message: 00:17:28.450: wlan0: Received scan results
** Message: 00:18:28.450: wlan0: Received scan results
** Message: 00:19:28.449: wlan0: Received scan results
** Message: 00:20:28.450: wlan0: Received scan results
** Message: 00:21:28.449: wlan0: Received scan results
** Message: 00:22:28.452: wlan0: Received scan results
** Message: 00:23:28.451: wlan0: Received scan results
** Message: 00:24:28.454: wlan0: Received scan results
** Message: 00:25:28.454: wlan0: Received scan results
** Message: 00:26:28.461: wlan0: Received scan results
** Message: 00:27:28.456: wlan0: Received scan results
** Message: 00:28:28.457: wlan0: Received scan results
** Message: 00:29:28.455: wlan0: Received scan results
** Message: 00:30:28.460: wlan0: Received scan results
** Message: 00:31:28.461: wlan0: Received scan results
** Message: 00:32:28.461: wlan0: Received scan results
** Message: 00:33:28.460: wlan0: Received scan results
** Message: 00:34:28.461: wlan0: Received scan results
** Message: 00:35:28.464: wlan0: Received scan results
** Message: 00:36:28.465: wlan0: Received scan results
** Message: 00:37:28.461: wlan0: Received scan results
** Message: 00:38:28.462: wlan0: Received scan results
** Message: 00:39:28.465: wlan0: Received scan results
** Message: 00:40:28.464: wlan0: Received scan results
** Message: 00:41:28.466: wlan0: Received scan results
** Message: 00:42:28.470: wlan0: Received scan results
** Message: 00:43:28.470: wlan0: Received scan results
** Message: 00:44:28.468: wlan0: Received scan results
** Message: 00:45:28.471: wlan0: Received scan results
** Message: 00:46:28.473: wlan0: Received scan results
** Message: 00:47:28.468: wlan0: Received scan results
** Message: 00:48:28.469: wlan0: Received scan results
** Message: 00:49:28.473: wlan0: Received scan results
** Message: 00:50:28.474: wlan0: Received scan results
** Message: 00:51:28.473: wlan0: Received scan results
** Message: 00:52:28.472: wlan0: Received scan results
** Message: 00:53:28.475: wlan0: Received scan results
** Message: 00:54:28.475: wlan0: Received scan results
** Message: 00:55:28.479: wlan0: Received scan results
** Message: 00:56:28.484: wlan0: Received scan results
** Message: 00:57:28.482: wlan0: Received scan results
** Message: 00:58:28.480: wlan0: Received scan results
** Message: 00:59:28.478: wlan0: Received scan results
** Message: 01:00:28.485: wlan0: Received scan results
** Message: 01:01:28.485: wlan0: Received scan results
** Message: 01:02:28.490: wlan0: Received scan results
** Message: 01:03:28.485: wlan0: Received scan results
** Message: 01:04:28.484: wlan0: Received scan results
** Message: 01:05:28.489: wlan0: Received scan results
** Message: 01:06:28.485: wlan0: Received scan results
** Message: 01:07:28.489: wlan0: Received scan results
** Message: 01:08:28.490: wlan0: Received scan results
** Message: 01:09:28.491: wlan0: Received scan results
** Message: 01:10:28.488: wlan0: Received scan results
** Message: 01:11:28.494: wlan0: Received scan results
** Message: 01:12:28.492: wlan0: Received scan results
** Message: 01:13:28.496: wlan0: Received scan results
** Message: 01:14:28.494: wlan0: Received scan results
** Message: 01:15:28.495: wlan0: Received scan results
** Message: 01:16:28.492: wlan0: Received scan results
** Message: 01:17:28.495: wlan0: Received scan results
** Message: 01:18:28.496: wlan0: Received scan results
** Message: 01:19:28.498: wlan0: Received scan results
** Message: 01:20:28.506: wlan0: Received scan results
** Message: 01:21:28.502: wlan0: Received scan results
** Message: 01:22:28.504: wlan0: Received scan results
** Message: 01:23:28.503: wlan0: Received scan results
** Message: 01:24:28.504: wlan0: Received scan results
** Message: 01:25:28.504: wlan0: Received scan results
** Message: 01:26:28.511: wlan0: Received scan results
** Message: 01:27:28.509: wlan0: Received scan results
** Message: 01:28:28.502: wlan0: Received scan results
** Message: 01:29:28.504: wlan0: Received scan results
** Message: 01:30:28.510: wlan0: Received scan results
** Message: 01:31:28.512: wlan0: Received scan results
** Message: 01:32:28.518: wlan0: Received scan results
** Message: 01:33:28.523: wlan0: Received scan results
** Message: 01:34:28.519: wlan0: Received scan results
** Message: 01:35:28.525: wlan0: Received scan results
** Message: 01:36:28.521: wlan0: Received scan results
** Message: 01:37:28.524: wlan0: Received scan results
** Message: 01:38:28.527: wlan0: Received scan results
** Message: 01:39:28.528: wlan0: Received scan results
** Message: 01:40:28.522: wlan0: Received scan results
** Message: 01:41:28.523: wlan0: Received scan results
** Message: 01:42:28.530: wlan0: Received scan results
** Message: 01:43:28.531: wlan0: Received scan results
** Message: 01:44:28.534: wlan0: Received scan results
** Message: 01:45:28.531: wlan0: Received scan results
** Message: 01:46:28.534: wlan0: Received scan results
** Message: 01:47:28.535: wlan0: Received scan results
** Message: 01:48:28.534: wlan0: Received scan results
** Message: 01:49:28.533: wlan0: Received scan results
** Message: 01:50:28.531: wlan0: Received scan results
** Message: 01:51:28.537: wlan0: Received scan results
** Message: 01:52:28.533: wlan0: Received scan results
** Message: 01:53:28.537: wlan0: Received scan results
** Message: 01:54:28.539: wlan0: Received scan results
** Message: 01:55:28.537: wlan0: Received scan results
** Message: 01:56:28.539: wlan0: Received scan results
** Message: 01:57:28.541: wlan0: Received scan results
** Message: 01:58:28.543: wlan0: Received scan results
** Message: 01:59:28.540: wlan0: Received scan results
** Message: 02:00:28.547: wlan0: Received scan results
** Message: 02:01:28.543: wlan0: Received scan results
** Message: 02:02:28.543: wlan0: Received scan results
** Message: 02:03:28.546: wlan0: Received scan results
** Message: 02:04:28.546: wlan0: Received scan results
** Message: 02:05:28.549: wlan0: Received scan results
** Message: 02:06:28.555: wlan0: Received scan results
** Message: 02:07:28.550: wlan0: Received scan results
** Message: 02:08:28.554: wlan0: Received scan results
** Message: 02:09:28.551: wlan0: Received scan results
** Message: 02:10:28.556: wlan0: Received scan results
** Message: 02:11:28.559: wlan0: Received scan results
** Message: 02:12:28.557: wlan0: Received scan results
** Message: 02:13:28.558: wlan0: Received scan results
** Message: 02:14:28.558: wlan0: Received scan results
** Message: 02:15:28.559: wlan0: Received scan results
** Message: 02:16:28.561: wlan0: Received scan results
** Message: 02:17:28.561: wlan0: Received scan results
** Message: 02:18:28.560: wlan0: Received scan results
** Message: 02:19:28.567: wlan0: Received scan results
** Message: 02:20:28.564: wlan0: Received scan results
** Message: 02:21:28.565: wlan0: Received scan results
** Message: 02:22:28.565: wlan0: Received scan results
** Message: 02:23:28.565: wlan0: Received scan results
** Message: 02:24:28.568: wlan0: Received scan results
** Message: 02:25:28.569: wlan0: Received scan results
** Message: 02:26:28.568: wlan0: Received scan results
** Message: 02:27:28.570: wlan0: Received scan results
** Message: 02:28:28.569: wlan0: Received scan results
** Message: 02:29:28.571: wlan0: Received scan results
** Message: 02:30:28.573: wlan0: Received scan results
** Message: 02:31:28.567: wlan0: Received scan results
** Message: 02:32:28.572: wlan0: Received scan results
** Message: 02:33:28.575: wlan0: Received scan results
** Message: 02:34:28.573: wlan0: Received scan results
** Message: 02:35:28.578: wlan0: Received scan results
** Message: 02:36:28.582: wlan0: Received scan results
** Message: 02:37:28.580: wlan0: Received scan results
** Message: 02:38:28.585: wlan0: Received scan results
** Message: 02:39:28.580: wlan0: Received scan results
** Message: 02:40:28.582: wlan0: Received scan results
** Message: 02:41:28.586: wlan0: Received scan results
** Message: 02:42:28.584: wlan0: Received scan results
** Message: 02:43:28.585: wlan0: Received scan results
** Message: 02:44:28.584: wlan0: Received scan results
** Message: 02:45:28.589: wlan0: Received scan results
** Message: 02:46:28.584: wlan0: Received scan results
** Message: 02:47:28.591: wlan0: Received scan results
** Message: 02:48:28.587: wlan0: Received scan results
** Message: 02:49:28.588: wlan0: Received scan results
** Message: 02:50:28.589: wlan0: Received scan results
** Message: 02:51:28.590: wlan0: Received scan results
** Message: 02:52:28.591: wlan0: Received scan results
** Message: 02:53:28.587: wlan0: Received scan results
** Message: 02:54:28.594: wlan0: Received scan results
** Message: 02:55:28.593: wlan0: Received scan results
** Message: 02:56:28.596: wlan0: Received scan results
** Message: 02:57:28.598: wlan0: Received scan results
** Message: 02:58:28.597: wlan0: Received scan results
** Message: 02:59:28.597: wlan0: Received scan results
** Message: 03:00:28.596: wlan0: Received scan results
** Message: 03:01:28.601: wlan0: Received scan results
** Message: 03:02:28.598: wlan0: Received scan results
** Message: 03:03:28.602: wlan0: Received scan results
** Message: 03:04:28.602: wlan0: Received scan results
** Message: 03:05:28.600: wlan0: Received scan results
** Message: 03:06:28.606: wlan0: Received scan results
** Message: 03:07:28.604: wlan0: Received scan results
** Message: 03:08:28.607: wlan0: Received scan results
** Message: 03:09:28.607: wlan0: Received scan results
** Message: 03:10:28.612: wlan0: Received scan results
** Message: 03:11:28.613: wlan0: Received scan results
** Message: 03:12:28.612: wlan0: Received scan results
** Message: 03:13:28.612: wlan0: Received scan results
** Message: 03:14:28.611: wlan0: Received scan results
** Message: 03:15:28.610: wlan0: Received scan results
** Message: 03:16:28.611: wlan0: Received scan results
** Message: 03:17:28.612: wlan0: Received scan results
** Message: 03:18:28.611: wlan0: Received scan results
** Message: 03:19:28.619: wlan0: Received scan results
** Message: 03:20:28.617: wlan0: Received scan results
** Message: 03:21:28.617: wlan0: Received scan results
** Message: 03:22:28.618: wlan0: Received scan results
** Message: 03:23:28.618: wlan0: Received scan results
** Message: 03:24:28.622: wlan0: Received scan results
** Message: 03:25:28.624: wlan0: Received scan results
** Message: 03:26:28.622: wlan0: Received scan results
** Message: 03:27:28.623: wlan0: Received scan results
** Message: 03:28:28.625: wlan0: Received scan results
** Message: 03:29:28.628: wlan0: Received scan results
** Message: 03:30:28.623: wlan0: Received scan results
** Message: 03:31:28.626: wlan0: Received scan results
** Message: 03:32:28.629: wlan0: Received scan results
** Message: 03:33:28.629: wlan0: Received scan results
** Message: 03:34:28.629: wlan0: Received scan results
** Message: 03:35:28.630: wlan0: Received scan results
** Message: 03:36:28.630: wlan0: Received scan results
** Message: 03:37:28.631: wlan0: Received scan results
** Message: 03:38:28.636: wlan0: Received scan results
** Message: 03:39:28.638: wlan0: Received scan results
** Message: 03:40:28.635: wlan0: Received scan results
** Message: 03:41:28.636: wlan0: Received scan results
** Message: 03:42:28.639: wlan0: Received scan results
** Message: 03:43:28.638: wlan0: Received scan results
** Message: 03:44:28.637: wlan0: Received scan results
** Message: 03:45:28.641: wlan0: Received scan results
** Message: 03:46:28.640: wlan0: Received scan results
** Message: 03:47:28.643: wlan0: Received scan results
** Message: 03:48:28.643: wlan0: Received scan results
** Message: 03:49:28.651: wlan0: Received scan results
** Message: 03:50:28.649: wlan0: Received scan results
** Message: 03:51:28.650: wlan0: Received scan results
** Message: 03:52:28.648: wlan0: Received scan results
** Message: 03:53:28.647: wlan0: Received scan results
** Message: 03:54:28.643: wlan0: Received scan results
** Message: 03:55:28.649: wlan0: Received scan results
** Message: 03:56:28.653: wlan0: Received scan results
** Message: 03:57:28.649: wlan0: Received scan results
** Message: 03:58:28.652: wlan0: Received scan results
** Message: 03:59:28.653: wlan0: Received scan results
** Message: 04:00:28.651: wlan0: Received scan results
** Message: 04:01:28.657: wlan0: Received scan results
** Message: 04:02:28.659: wlan0: Received scan results
** Message: 04:03:28.656: wlan0: Received scan results
** Message: 04:04:28.658: wlan0: Received scan results
** Message: 04:05:28.657: wlan0: Received scan results
** Message: 04:06:28.662: wlan0: Received scan results
** Message: 04:07:28.659: wlan0: Received scan results
** Message: 04:08:28.662: wlan0: Received scan results
** Message: 04:09:28.664: wlan0: Received scan results
** Message: 04:10:28.663: wlan0: Received scan results
** Message: 04:11:28.660: wlan0: Received scan results
** Message: 04:12:28.662: wlan0: Received scan results
** Message: 04:13:28.664: wlan0: Received scan results
** Message: 04:14:28.665: wlan0: Received scan results
** Message: 04:15:28.666: wlan0: Received scan results
** Message: 04:16:28.669: wlan0: Received scan results
** Message: 04:17:28.668: wlan0: Received scan results
** Message: 04:18:28.673: wlan0: Received scan results
** Message: 04:19:28.668: wlan0: Received scan results
** Message: 04:20:28.676: wlan0: Received scan results
** Message: 04:21:28.674: wlan0: Received scan results
** Message: 04:22:28.681: wlan0: Received scan results
** Message: 04:23:28.674: wlan0: Received scan results
** Message: 04:24:28.678: wlan0: Received scan results
** Message: 04:25:28.673: wlan0: Received scan results
** Message: 04:26:28.675: wlan0: Received scan results
** Message: 04:27:28.677: wlan0: Received scan results
** Message: 04:28:28.677: wlan0: Received scan results
** Message: 04:29:28.678: wlan0: Received scan results
** Message: 04:30:28.681: wlan0: Received scan results
** Message: 04:31:28.680: wlan0: Received scan results
** Message: 04:32:28.684: wlan0: Received scan results
** Message: 04:33:28.682: wlan0: Received scan results
** Message: 04:34:28.686: wlan0: Received scan results
** Message: 04:35:28.690: wlan0: Received scan results
** Message: 04:36:28.684: wlan0: Received scan results
** Message: 04:37:28.687: wlan0: Received scan results
** Message: 04:38:28.686: wlan0: Received scan results
** Message: 04:39:28.690: wlan0: Received scan results
** Message: 04:40:28.691: wlan0: Received scan results
** Message: 04:41:28.699: wlan0: Received scan results
** Message: 04:42:28.692: wlan0: Received scan results
** Message: 04:43:28.692: wlan0: Received scan results
** Message: 04:44:28.692: wlan0: Received scan results
** Message: 04:45:28.694: wlan0: Received scan results
** Message: 04:46:28.694: wlan0: Received scan results
** Message: 04:47:28.693: wlan0: Received scan results
** Message: 04:48:28.697: wlan0: Received scan results
** Message: 04:49:28.697: wlan0: Received scan results
** Message: 04:50:28.700: wlan0: Received scan results
** Message: 04:51:28.698: wlan0: Received scan results
** Message: 04:52:28.699: wlan0: Received scan results
** Message: 04:53:28.700: wlan0: Received scan results
** Message: 04:54:28.698: wlan0: Received scan results
** Message: 04:55:28.699: wlan0: Received scan results
** Message: 04:56:28.700: wlan0: Received scan results
** Message: 04:57:28.704: wlan0: Received scan results
** Message: 04:58:28.708: wlan0: Received scan results
** Message: 04:59:28.708: wlan0: Received scan results
** Message: 05:00:28.713: wlan0: Received scan results
** Message: 05:01:28.704: wlan0: Received scan results
** Message: 05:02:28.708: wlan0: Received scan results
** Message: 05:03:28.708: wlan0: Received scan results
** Message: 05:04:28.711: wlan0: Received scan results
** Message: 05:05:28.711: wlan0: Received scan results
** Message: 05:06:28.709: wlan0: Received scan results
** Message: 05:07:28.715: wlan0: Received scan results
** Message: 05:08:28.711: wlan0: Received scan results
** Message: 05:09:28.711: wlan0: Received scan results
** Message: 05:10:28.712: wlan0: Received scan results
** Message: 05:11:28.715: wlan0: Received scan results
** Message: 05:12:28.717: wlan0: Received scan results
** Message: 05:13:28.720: wlan0: Received scan results
** Message: 05:14:28.723: wlan0: Received scan results
** Message: 05:15:28.729: wlan0: Received scan results
** Message: 05:16:28.722: wlan0: Received scan results
** Message: 05:17:28.723: wlan0: Received scan results
** Message: 05:18:28.724: wlan0: Received scan results
** Message: 05:19:28.725: wlan0: Received scan results
** Message: 05:20:28.727: wlan0: Received scan results
** Message: 05:21:28.727: wlan0: Received scan results
** Message: 05:22:28.731: wlan0: Received scan results
** Message: 05:23:28.733: wlan0: Received scan results
** Message: 05:24:28.728: wlan0: Received scan results
** Message: 05:25:28.729: wlan0: Received scan results
** Message: 05:26:28.738: wlan0: Received scan results
** Message: 05:27:28.738: wlan0: Received scan results
** Message: 05:28:28.736: wlan0: Received scan results
** Message: 05:29:28.733: wlan0: Received scan results
** Message: 05:30:28.734: wlan0: Received scan results
** Message: 05:31:28.739: wlan0: Received scan results
** Message: 05:32:28.741: wlan0: Received scan results
** Message: 05:33:28.745: wlan0: Received scan results
** Message: 05:34:28.740: wlan0: Received scan results
** Message: 05:35:28.745: wlan0: Received scan results
** Message: 05:36:28.744: wlan0: Received scan results
** Message: 05:37:28.739: wlan0: Received scan results
** Message: 05:38:28.744: wlan0: Received scan results
** Message: 05:39:28.743: wlan0: Received scan results
** Message: 05:40:28.745: wlan0: Received scan results
** Message: 05:41:28.744: wlan0: Received scan results
** Message: 05:42:28.744: wlan0: Received scan results
** Message: 05:43:28.747: wlan0: Received scan results
** Message: 05:44:28.747: wlan0: Received scan results
** Message: 05:45:28.747: wlan0: Received scan results
** Message: 05:46:28.748: wlan0: Received scan results
** Message: 05:47:28.748: wlan0: Received scan results
** Message: 05:48:28.750: wlan0: Received scan results
** Message: 05:49:28.752: wlan0: Received scan results
** Message: 05:50:28.752: wlan0: Received scan results
** Message: 05:51:28.754: wlan0: Received scan results
** Message: 05:52:28.753: wlan0: Received scan results
** Message: 05:53:28.753: wlan0: Received scan results
** Message: 05:54:28.750: wlan0: Received scan results
** Message: 05:55:28.752: wlan0: Received scan results
** Message: 05:56:28.756: wlan0: Received scan results
** Message: 05:57:28.755: wlan0: Received scan results
** Message: 05:58:28.759: wlan0: Received scan results
** Message: 05:59:28.759: wlan0: Received scan results
** Message: 06:00:28.763: wlan0: Received scan results
** Message: 06:01:28.765: wlan0: Received scan results
** Message: 06:02:28.766: wlan0: Received scan results
** Message: 06:03:28.764: wlan0: Received scan results
** Message: 06:04:28.763: wlan0: Received scan results
** Message: 06:05:28.763: wlan0: Received scan results
** Message: 06:06:28.763: wlan0: Received scan results
** Message: 06:07:28.768: wlan0: Received scan results
** Message: 06:08:28.770: wlan0: Received scan results
** Message: 06:09:28.769: wlan0: Received scan results
** Message: 06:10:28.773: wlan0: Received scan results
** Message: 06:11:28.770: wlan0: Received scan results
** Message: 06:12:28.770: wlan0: Received scan results
** Message: 06:13:28.772: wlan0: Received scan results
** Message: 06:14:28.773: wlan0: Received scan results
** Message: 06:15:28.773: wlan0: Received scan results
** Message: 06:16:28.779: wlan0: Received scan results
** Message: 06:17:28.778: wlan0: Received scan results
** Message: 06:18:28.792: wlan0: Received scan results
** Message: 06:19:28.776: wlan0: Received scan results
** Message: 06:20:28.778: wlan0: Received scan results
** Message: 06:21:28.782: wlan0: Received scan results
** Message: 06:22:28.780: wlan0: Received scan results
** Message: 06:23:28.781: wlan0: Received scan results
** Message: 06:24:28.783: wlan0: Received scan results
** Message: 06:25:28.785: wlan0: Received scan results
** Message: 06:26:28.784: wlan0: Received scan results
** Message: 06:27:28.787: wlan0: Received scan results
** Message: 06:28:28.788: wlan0: Received scan results
** Message: 06:29:28.788: wlan0: Received scan results
** Message: 06:30:28.787: wlan0: Received scan results
** Message: 06:31:28.790: wlan0: Received scan results
** Message: 06:32:28.790: wlan0: Received scan results
** Message: 06:33:28.791: wlan0: Received scan results
** Message: 06:34:28.793: wlan0: Received scan results
** Message: 06:35:28.794: wlan0: Received scan results
** Message: 06:36:28.796: wlan0: Received scan results
** Message: 06:37:28.796: wlan0: Received scan results
** Message: 06:38:28.798: wlan0: Received scan results
** Message: 06:39:28.799: wlan0: Received scan results
** Message: 06:40:28.799: wlan0: Received scan results
** Message: 06:41:28.799: wlan0: Received scan results
** Message: 06:42:28.796: wlan0: Received scan results
** Message: 06:43:28.800: wlan0: Received scan results
** Message: 06:44:28.812: wlan0: Received scan results
** Message: 06:45:28.803: wlan0: Received scan results
** Message: 06:46:28.808: wlan0: Received scan results
** Message: 06:47:28.805: wlan0: Received scan results
** Message: 06:48:28.809: wlan0: Received scan results
** Message: 06:49:28.800: wlan0: Received scan results
** Message: 06:50:28.803: wlan0: Received scan results
** Message: 06:51:28.809: wlan0: Received scan results
** Message: 06:52:28.804: wlan0: Received scan results
** Message: 06:53:28.808: wlan0: Received scan results
** Message: 06:54:28.810: wlan0: Received scan results
** Message: 06:55:28.809: wlan0: Received scan results
** Message: 06:56:28.810: wlan0: Received scan results
** Message: 06:57:28.815: wlan0: Received scan results
** Message: 06:58:28.812: wlan0: Received scan results
** Message: 06:59:28.812: wlan0: Received scan results
** Message: 07:00:28.816: wlan0: Received scan results
** Message: 07:01:28.814: wlan0: Received scan results
** Message: 07:02:28.818: wlan0: Received scan results
** Message: 07:03:28.816: wlan0: Received scan results
** Message: 07:04:28.816: wlan0: Received scan results
** Message: 07:05:28.819: wlan0: Received scan results
** Message: 07:06:28.817: wlan0: Received scan results
** Message: 07:07:28.821: wlan0: Received scan results
** Message: 07:08:28.821: wlan0: Received scan results
** Message: 07:09:28.820: wlan0: Received scan results
** Message: 07:10:28.818: wlan0: Received scan results
** Message: 07:11:28.822: wlan0: Received scan results
** Message: 07:12:28.829: wlan0: Received scan results
** Message: 07:13:28.831: wlan0: Received scan results
** Message: 07:14:28.831: wlan0: Received scan results
** Message: 07:15:28.831: wlan0: Received scan results
** Message: 07:16:28.830: wlan0: Received scan results
** Message: 07:17:28.826: wlan0: Received scan results
** Message: 07:18:28.827: wlan0: Received scan results
** Message: 07:19:28.830: wlan0: Received scan results
** Message: 07:20:28.828: wlan0: Received scan results
** Message: 07:21:28.832: wlan0: Received scan results
** Message: 07:22:28.831: wlan0: Received scan results
** Message: 07:23:28.835: wlan0: Received scan results
** Message: 07:24:28.836: wlan0: Received scan results
** Message: 07:25:28.839: wlan0: Received scan results
** Message: 07:26:28.839: wlan0: Received scan results
** Message: 07:27:28.836: wlan0: Received scan results
** Message: 07:28:28.842: wlan0: Received scan results
** Message: 07:29:28.842: wlan0: Received scan results
** Message: 07:30:28.838: wlan0: Received scan results
** Message: 07:31:28.841: wlan0: Received scan results
** Message: 07:32:28.842: wlan0: Received scan results
** Message: 07:33:28.842: wlan0: Received scan results
** Message: 07:34:28.843: wlan0: Received scan results
** Message: 07:35:28.840: wlan0: Received scan results
** Message: 07:36:28.845: wlan0: Received scan results
** Message: 07:37:28.845: wlan0: Received scan results
** Message: 07:38:28.844: wlan0: Received scan results
** Message: 07:39:28.843: wlan0: Received scan results
** Message: 07:40:28.846: wlan0: Received scan results
** Message: 07:41:28.847: wlan0: Received scan results
** Message: 07:42:28.844: wlan0: Received scan results
** Message: 07:43:28.848: wlan0: Received scan results
** Message: 07:44:28.853: wlan0: Received scan results
** Message: 07:45:28.849: wlan0: Received scan results
** Message: 07:46:28.852: wlan0: Received scan results
** Message: 07:47:28.852: wlan0: Received scan results
** Message: 07:48:28.855: wlan0: Received scan results
** Message: 07:49:28.853: wlan0: Received scan results
** Message: 07:50:28.858: wlan0: Received scan results
** Message: 07:51:28.857: wlan0: Received scan results
** Message: 07:52:28.857: wlan0: Received scan results
** Message: 07:53:28.861: wlan0: Received scan results
** Message: 07:54:28.862: wlan0: Received scan results
** Message: 07:55:28.860: wlan0: Received scan results
** Message: 07:56:28.861: wlan0: Received scan results
** Message: 07:57:28.860: wlan0: Received scan results
** Message: 07:58:28.864: wlan0: Received scan results
** Message: 07:59:28.863: wlan0: Received scan results
** Message: 08:00:28.867: wlan0: Received scan results
** Message: 08:01:28.869: wlan0: Received scan results
** Message: 08:02:28.868: wlan0: Received scan results
** Message: 08:03:28.872: wlan0: Received scan results
** Message: 08:04:28.870: wlan0: Received scan results
** Message: 08:05:28.873: wlan0: Received scan results
** Message: 08:06:28.872: wlan0: Received scan results
** Message: 08:07:28.870: wlan0: Received scan results
** Message: 08:08:28.873: wlan0: Received scan results
** Message: 08:09:28.868: wlan0: Received scan results
** Message: 08:10:28.873: wlan0: Received scan results
** Message: 08:11:28.878: wlan0: Received scan results
** Message: 08:12:28.876: wlan0: Received scan results
** Message: 08:13:28.879: wlan0: Received scan results
** Message: 08:14:28.881: wlan0: Received scan results
** Message: 08:15:28.879: wlan0: Received scan results
** Message: 08:16:28.884: wlan0: Received scan results
** Message: 08:17:28.889: wlan0: Received scan results
** Message: 08:18:28.884: wlan0: Received scan results
** Message: 08:19:28.889: wlan0: Received scan results
** Message: 08:20:28.887: wlan0: Received scan results
** Message: 08:21:28.879: wlan0: Received scan results
** Message: 08:22:28.881: wlan0: Received scan results
** Message: 08:23:28.885: wlan0: Received scan results
** Message: 08:24:28.884: wlan0: Received scan results
** Message: 08:25:28.887: wlan0: Received scan results
** Message: 08:26:28.886: wlan0: Received scan results
** Message: 08:27:28.883: wlan0: Received scan results
** Message: 08:28:28.885: wlan0: Received scan results
** Message: 08:29:28.888: wlan0: Received scan results
** Message: 08:30:28.885: wlan0: Received scan results
** Message: 08:31:28.898: wlan0: Received scan results
** Message: 08:32:30.315: wlan0: Received scan results
** Message: 08:33:30.198: wlan0: Received scan results
** Message: 08:34:28.896: wlan0: Received scan results
** Message: 08:35:28.895: wlan0: Received scan results
** Message: 08:36:28.895: wlan0: Received scan results
** Message: 08:37:28.895: wlan0: Received scan results
